<?xml version="1.0" encoding="UTF-8"?>
<testng-results skipped="0" failed="58" ignored="0" total="116" passed="58">
  <reporter-output>
  </reporter-output>
  <suite name="test Suite" duration-ms="1376083" started-at="2025-11-26T12:48:01Z" finished-at="2025-11-26T13:10:57Z">
    <groups>
    </groups>
    <test name="test" duration-ms="1376083" started-at="2025-11-26T12:48:01Z" finished-at="2025-11-26T13:10:57Z">
      <class name="generated.GeneratedTests">
        <test-method status="PASS" signature="oneTimeSetUp()[pri:0, instance:generated.GeneratedTests@7823a2f9]" name="oneTimeSetUp" is-config="true" duration-ms="97331" started-at="2025-11-26T12:48:01Z" finished-at="2025-11-26T12:49:38Z">
          <reporter-output>
          </reporter-output>
        </test-method> <!-- oneTimeSetUp -->
        <test-method status="PASS" signature="setUp()[pri:0, instance:generated.GeneratedTests@7823a2f9]" name="setUp" is-config="true" duration-ms="622" started-at="2025-11-26T12:49:38Z" finished-at="2025-11-26T12:49:39Z">
          <reporter-output>
          </reporter-output>
        </test-method> <!-- setUp -->
        <test-method status="PASS" signature="method_0()[pri:1, instance:generated.GeneratedTests@7823a2f9]" name="method_0" duration-ms="5688" started-at="2025-11-26T12:49:39Z" finished-at="2025-11-26T12:49:44Z">
          <reporter-output>
          </reporter-output>
        </test-method> <!-- method_0 -->
        <test-method status="PASS" signature="getStatusAndDuration(org.testng.ITestResult)[pri:0, instance:generated.GeneratedTests@7823a2f9]" name="getStatusAndDuration" is-config="true" duration-ms="11" started-at="2025-11-26T12:49:44Z" finished-at="2025-11-26T12:49:44Z">
          <params>
            <param index="0">
              <value>
                <![CDATA[[TestResult name=method_0 status=SUCCESS method=GeneratedTests.method_0()[pri:1, instance:generated.GeneratedTests@7823a2f9] output={null}]]]>
              </value>
            </param>
          </params>
          <reporter-output>
          </reporter-output>
        </test-method> <!-- getStatusAndDuration -->
        <test-method status="PASS" signature="setUp()[pri:0, instance:generated.GeneratedTests@7823a2f9]" name="setUp" is-config="true" duration-ms="875" started-at="2025-11-26T12:49:44Z" finished-at="2025-11-26T12:49:45Z">
          <reporter-output>
          </reporter-output>
        </test-method> <!-- setUp -->
        <test-method status="PASS" signature="method_BT0_path_2_3_4_5_6_7()[pri:2, instance:generated.GeneratedTests@7823a2f9]" name="method_BT0_path_2_3_4_5_6_7" duration-ms="55607" started-at="2025-11-26T12:49:45Z" finished-at="2025-11-26T12:50:41Z">
          <reporter-output>
          </reporter-output>
        </test-method> <!-- method_BT0_path_2_3_4_5_6_7 -->
        <test-method status="PASS" signature="getStatusAndDuration(org.testng.ITestResult)[pri:0, instance:generated.GeneratedTests@7823a2f9]" name="getStatusAndDuration" is-config="true" duration-ms="2" started-at="2025-11-26T12:50:41Z" finished-at="2025-11-26T12:50:41Z">
          <params>
            <param index="0">
              <value>
                <![CDATA[[TestResult name=method_BT0_path_2_3_4_5_6_7 status=SUCCESS method=GeneratedTests.method_BT0_path_2_3_4_5_6_7()[pri:2, instance:generated.GeneratedTests@7823a2f9] output={null}]]]>
              </value>
            </param>
          </params>
          <reporter-output>
          </reporter-output>
        </test-method> <!-- getStatusAndDuration -->
        <test-method status="PASS" signature="setUp()[pri:0, instance:generated.GeneratedTests@7823a2f9]" name="setUp" is-config="true" duration-ms="653" started-at="2025-11-26T12:50:41Z" finished-at="2025-11-26T12:50:42Z">
          <reporter-output>
          </reporter-output>
        </test-method> <!-- setUp -->
        <test-method status="PASS" signature="method_BT5_path_4_10_11()[pri:3, instance:generated.GeneratedTests@7823a2f9]" name="method_BT5_path_4_10_11" duration-ms="20106" started-at="2025-11-26T12:50:42Z" finished-at="2025-11-26T12:51:02Z">
          <reporter-output>
          </reporter-output>
        </test-method> <!-- method_BT5_path_4_10_11 -->
        <test-method status="PASS" signature="getStatusAndDuration(org.testng.ITestResult)[pri:0, instance:generated.GeneratedTests@7823a2f9]" name="getStatusAndDuration" is-config="true" duration-ms="0" started-at="2025-11-26T12:51:02Z" finished-at="2025-11-26T12:51:02Z">
          <params>
            <param index="0">
              <value>
                <![CDATA[[TestResult name=method_BT5_path_4_10_11 status=SUCCESS method=GeneratedTests.method_BT5_path_4_10_11()[pri:3, instance:generated.GeneratedTests@7823a2f9] output={null}]]]>
              </value>
            </param>
          </params>
          <reporter-output>
          </reporter-output>
        </test-method> <!-- getStatusAndDuration -->
        <test-method status="PASS" signature="setUp()[pri:0, instance:generated.GeneratedTests@7823a2f9]" name="setUp" is-config="true" duration-ms="733" started-at="2025-11-26T12:51:02Z" finished-at="2025-11-26T12:51:02Z">
          <reporter-output>
          </reporter-output>
        </test-method> <!-- setUp -->
        <test-method status="PASS" signature="method_BT6_path_4_5_12()[pri:4, instance:generated.GeneratedTests@7823a2f9]" name="method_BT6_path_4_5_12" duration-ms="15577" started-at="2025-11-26T12:51:02Z" finished-at="2025-11-26T12:51:18Z">
          <reporter-output>
          </reporter-output>
        </test-method> <!-- method_BT6_path_4_5_12 -->
        <test-method status="PASS" signature="getStatusAndDuration(org.testng.ITestResult)[pri:0, instance:generated.GeneratedTests@7823a2f9]" name="getStatusAndDuration" is-config="true" duration-ms="0" started-at="2025-11-26T12:51:18Z" finished-at="2025-11-26T12:51:18Z">
          <params>
            <param index="0">
              <value>
                <![CDATA[[TestResult name=method_BT6_path_4_5_12 status=SUCCESS method=GeneratedTests.method_BT6_path_4_5_12()[pri:4, instance:generated.GeneratedTests@7823a2f9] output={null}]]]>
              </value>
            </param>
          </params>
          <reporter-output>
          </reporter-output>
        </test-method> <!-- getStatusAndDuration -->
        <test-method status="PASS" signature="setUp()[pri:0, instance:generated.GeneratedTests@7823a2f9]" name="setUp" is-config="true" duration-ms="558" started-at="2025-11-26T12:51:18Z" finished-at="2025-11-26T12:51:18Z">
          <reporter-output>
          </reporter-output>
        </test-method> <!-- setUp -->
        <test-method status="PASS" signature="method_BT6_path_4_5_14()[pri:5, instance:generated.GeneratedTests@7823a2f9]" name="method_BT6_path_4_5_14" duration-ms="8514" started-at="2025-11-26T12:51:18Z" finished-at="2025-11-26T12:51:27Z">
          <reporter-output>
          </reporter-output>
        </test-method> <!-- method_BT6_path_4_5_14 -->
        <test-method status="PASS" signature="getStatusAndDuration(org.testng.ITestResult)[pri:0, instance:generated.GeneratedTests@7823a2f9]" name="getStatusAndDuration" is-config="true" duration-ms="1" started-at="2025-11-26T12:51:27Z" finished-at="2025-11-26T12:51:27Z">
          <params>
            <param index="0">
              <value>
                <![CDATA[[TestResult name=method_BT6_path_4_5_14 status=SUCCESS method=GeneratedTests.method_BT6_path_4_5_14()[pri:5, instance:generated.GeneratedTests@7823a2f9] output={null}]]]>
              </value>
            </param>
          </params>
          <reporter-output>
          </reporter-output>
        </test-method> <!-- getStatusAndDuration -->
        <test-method status="PASS" signature="setUp()[pri:0, instance:generated.GeneratedTests@7823a2f9]" name="setUp" is-config="true" duration-ms="555" started-at="2025-11-26T12:51:27Z" finished-at="2025-11-26T12:51:28Z">
          <reporter-output>
          </reporter-output>
        </test-method> <!-- setUp -->
        <test-method status="PASS" signature="method_BT11_path_4_10()[pri:6, instance:generated.GeneratedTests@7823a2f9]" name="method_BT11_path_4_10" duration-ms="5246" started-at="2025-11-26T12:51:28Z" finished-at="2025-11-26T12:51:33Z">
          <reporter-output>
          </reporter-output>
        </test-method> <!-- method_BT11_path_4_10 -->
        <test-method status="PASS" signature="getStatusAndDuration(org.testng.ITestResult)[pri:0, instance:generated.GeneratedTests@7823a2f9]" name="getStatusAndDuration" is-config="true" duration-ms="1" started-at="2025-11-26T12:51:33Z" finished-at="2025-11-26T12:51:33Z">
          <params>
            <param index="0">
              <value>
                <![CDATA[[TestResult name=method_BT11_path_4_10 status=SUCCESS method=GeneratedTests.method_BT11_path_4_10()[pri:6, instance:generated.GeneratedTests@7823a2f9] output={null}]]]>
              </value>
            </param>
          </params>
          <reporter-output>
          </reporter-output>
        </test-method> <!-- getStatusAndDuration -->
        <test-method status="PASS" signature="setUp()[pri:0, instance:generated.GeneratedTests@7823a2f9]" name="setUp" is-config="true" duration-ms="542" started-at="2025-11-26T12:51:33Z" finished-at="2025-11-26T12:51:33Z">
          <reporter-output>
          </reporter-output>
        </test-method> <!-- setUp -->
        <test-method status="PASS" signature="method_BT0_path_16_17()[pri:7, instance:generated.GeneratedTests@7823a2f9]" name="method_BT0_path_16_17" duration-ms="11929" started-at="2025-11-26T12:51:33Z" finished-at="2025-11-26T12:51:45Z">
          <reporter-output>
          </reporter-output>
        </test-method> <!-- method_BT0_path_16_17 -->
        <test-method status="PASS" signature="getStatusAndDuration(org.testng.ITestResult)[pri:0, instance:generated.GeneratedTests@7823a2f9]" name="getStatusAndDuration" is-config="true" duration-ms="0" started-at="2025-11-26T12:51:45Z" finished-at="2025-11-26T12:51:45Z">
          <params>
            <param index="0">
              <value>
                <![CDATA[[TestResult name=method_BT0_path_16_17 status=SUCCESS method=GeneratedTests.method_BT0_path_16_17()[pri:7, instance:generated.GeneratedTests@7823a2f9] output={null}]]]>
              </value>
            </param>
          </params>
          <reporter-output>
          </reporter-output>
        </test-method> <!-- getStatusAndDuration -->
        <test-method status="PASS" signature="setUp()[pri:0, instance:generated.GeneratedTests@7823a2f9]" name="setUp" is-config="true" duration-ms="620" started-at="2025-11-26T12:51:45Z" finished-at="2025-11-26T12:51:46Z">
          <reporter-output>
          </reporter-output>
        </test-method> <!-- setUp -->
        <test-method status="PASS" signature="method_BT25_path_16_21_22_23_24_25()[pri:8, instance:generated.GeneratedTests@7823a2f9]" name="method_BT25_path_16_21_22_23_24_25" duration-ms="41505" started-at="2025-11-26T12:51:46Z" finished-at="2025-11-26T12:52:27Z">
          <reporter-output>
          </reporter-output>
        </test-method> <!-- method_BT25_path_16_21_22_23_24_25 -->
        <test-method status="PASS" signature="getStatusAndDuration(org.testng.ITestResult)[pri:0, instance:generated.GeneratedTests@7823a2f9]" name="getStatusAndDuration" is-config="true" duration-ms="2" started-at="2025-11-26T12:52:27Z" finished-at="2025-11-26T12:52:27Z">
          <params>
            <param index="0">
              <value>
                <![CDATA[[TestResult name=method_BT25_path_16_21_22_23_24_25 status=SUCCESS method=GeneratedTests.method_BT25_path_16_21_22_23_24_25()[pri:8, instance:generated.GeneratedTests@7823a2f9] output={null}]]]>
              </value>
            </param>
          </params>
          <reporter-output>
          </reporter-output>
        </test-method> <!-- getStatusAndDuration -->
        <test-method status="PASS" signature="setUp()[pri:0, instance:generated.GeneratedTests@7823a2f9]" name="setUp" is-config="true" duration-ms="1273" started-at="2025-11-26T12:52:27Z" finished-at="2025-11-26T12:52:29Z">
          <reporter-output>
          </reporter-output>
        </test-method> <!-- setUp -->
        <test-method status="PASS" signature="method_BT25_path_40()[pri:9, instance:generated.GeneratedTests@7823a2f9]" name="method_BT25_path_40" duration-ms="7743" started-at="2025-11-26T12:52:29Z" finished-at="2025-11-26T12:52:36Z">
          <reporter-output>
          </reporter-output>
        </test-method> <!-- method_BT25_path_40 -->
        <test-method status="PASS" signature="getStatusAndDuration(org.testng.ITestResult)[pri:0, instance:generated.GeneratedTests@7823a2f9]" name="getStatusAndDuration" is-config="true" duration-ms="0" started-at="2025-11-26T12:52:36Z" finished-at="2025-11-26T12:52:36Z">
          <params>
            <param index="0">
              <value>
                <![CDATA[[TestResult name=method_BT25_path_40 status=SUCCESS method=GeneratedTests.method_BT25_path_40()[pri:9, instance:generated.GeneratedTests@7823a2f9] output={null}]]]>
              </value>
            </param>
          </params>
          <reporter-output>
          </reporter-output>
        </test-method> <!-- getStatusAndDuration -->
        <test-method status="PASS" signature="setUp()[pri:0, instance:generated.GeneratedTests@7823a2f9]" name="setUp" is-config="true" duration-ms="653" started-at="2025-11-26T12:52:36Z" finished-at="2025-11-26T12:52:37Z">
          <reporter-output>
          </reporter-output>
        </test-method> <!-- setUp -->
        <test-method status="PASS" signature="method_BT25_path_41_44_46_47_49_50_52_53_55_56()[pri:10, instance:generated.GeneratedTests@7823a2f9]" name="method_BT25_path_41_44_46_47_49_50_52_53_55_56" duration-ms="46195" started-at="2025-11-26T12:52:37Z" finished-at="2025-11-26T12:53:23Z">
          <reporter-output>
          </reporter-output>
        </test-method> <!-- method_BT25_path_41_44_46_47_49_50_52_53_55_56 -->
        <test-method status="PASS" signature="getStatusAndDuration(org.testng.ITestResult)[pri:0, instance:generated.GeneratedTests@7823a2f9]" name="getStatusAndDuration" is-config="true" duration-ms="0" started-at="2025-11-26T12:53:23Z" finished-at="2025-11-26T12:53:23Z">
          <params>
            <param index="0">
              <value>
                <![CDATA[[TestResult name=method_BT25_path_41_44_46_47_49_50_52_53_55_56 status=SUCCESS method=GeneratedTests.method_BT25_path_41_44_46_47_49_50_52_53_55_56()[pri:10, instance:generated.GeneratedTests@7823a2f9] output={null}]]]>
              </value>
            </param>
          </params>
          <reporter-output>
          </reporter-output>
        </test-method> <!-- getStatusAndDuration -->
        <test-method status="PASS" signature="setUp()[pri:0, instance:generated.GeneratedTests@7823a2f9]" name="setUp" is-config="true" duration-ms="649" started-at="2025-11-26T12:53:23Z" finished-at="2025-11-26T12:53:24Z">
          <reporter-output>
          </reporter-output>
        </test-method> <!-- setUp -->
        <test-method status="PASS" signature="method_BT25_path_57_59_60_61_62_63_64_65()[pri:11, instance:generated.GeneratedTests@7823a2f9]" name="method_BT25_path_57_59_60_61_62_63_64_65" duration-ms="36804" started-at="2025-11-26T12:53:24Z" finished-at="2025-11-26T12:54:01Z">
          <reporter-output>
          </reporter-output>
        </test-method> <!-- method_BT25_path_57_59_60_61_62_63_64_65 -->
        <test-method status="PASS" signature="getStatusAndDuration(org.testng.ITestResult)[pri:0, instance:generated.GeneratedTests@7823a2f9]" name="getStatusAndDuration" is-config="true" duration-ms="0" started-at="2025-11-26T12:54:01Z" finished-at="2025-11-26T12:54:01Z">
          <params>
            <param index="0">
              <value>
                <![CDATA[[TestResult name=method_BT25_path_57_59_60_61_62_63_64_65 status=SUCCESS method=GeneratedTests.method_BT25_path_57_59_60_61_62_63_64_65()[pri:11, instance:generated.GeneratedTests@7823a2f9] output={null}]]]>
              </value>
            </param>
          </params>
          <reporter-output>
          </reporter-output>
        </test-method> <!-- getStatusAndDuration -->
        <test-method status="PASS" signature="setUp()[pri:0, instance:generated.GeneratedTests@7823a2f9]" name="setUp" is-config="true" duration-ms="735" started-at="2025-11-26T12:54:01Z" finished-at="2025-11-26T12:54:01Z">
          <reporter-output>
          </reporter-output>
        </test-method> <!-- setUp -->
        <test-method status="PASS" signature="method_BT25_path_66_68_69_70_71_72()[pri:12, instance:generated.GeneratedTests@7823a2f9]" name="method_BT25_path_66_68_69_70_71_72" duration-ms="28817" started-at="2025-11-26T12:54:01Z" finished-at="2025-11-26T12:54:30Z">
          <reporter-output>
          </reporter-output>
        </test-method> <!-- method_BT25_path_66_68_69_70_71_72 -->
        <test-method status="PASS" signature="getStatusAndDuration(org.testng.ITestResult)[pri:0, instance:generated.GeneratedTests@7823a2f9]" name="getStatusAndDuration" is-config="true" duration-ms="0" started-at="2025-11-26T12:54:30Z" finished-at="2025-11-26T12:54:30Z">
          <params>
            <param index="0">
              <value>
                <![CDATA[[TestResult name=method_BT25_path_66_68_69_70_71_72 status=SUCCESS method=GeneratedTests.method_BT25_path_66_68_69_70_71_72()[pri:12, instance:generated.GeneratedTests@7823a2f9] output={null}]]]>
              </value>
            </param>
          </params>
          <reporter-output>
          </reporter-output>
        </test-method> <!-- getStatusAndDuration -->
        <test-method status="PASS" signature="setUp()[pri:0, instance:generated.GeneratedTests@7823a2f9]" name="setUp" is-config="true" duration-ms="610" started-at="2025-11-26T12:54:30Z" finished-at="2025-11-26T12:54:31Z">
          <reporter-output>
          </reporter-output>
        </test-method> <!-- setUp -->
        <test-method status="PASS" signature="method_BT25_path_73_75_76_77()[pri:13, instance:generated.GeneratedTests@7823a2f9]" name="method_BT25_path_73_75_76_77" duration-ms="21321" started-at="2025-11-26T12:54:31Z" finished-at="2025-11-26T12:54:52Z">
          <reporter-output>
          </reporter-output>
        </test-method> <!-- method_BT25_path_73_75_76_77 -->
        <test-method status="PASS" signature="getStatusAndDuration(org.testng.ITestResult)[pri:0, instance:generated.GeneratedTests@7823a2f9]" name="getStatusAndDuration" is-config="true" duration-ms="1" started-at="2025-11-26T12:54:52Z" finished-at="2025-11-26T12:54:52Z">
          <params>
            <param index="0">
              <value>
                <![CDATA[[TestResult name=method_BT25_path_73_75_76_77 status=SUCCESS method=GeneratedTests.method_BT25_path_73_75_76_77()[pri:13, instance:generated.GeneratedTests@7823a2f9] output={null}]]]>
              </value>
            </param>
          </params>
          <reporter-output>
          </reporter-output>
        </test-method> <!-- getStatusAndDuration -->
        <test-method status="PASS" signature="setUp()[pri:0, instance:generated.GeneratedTests@7823a2f9]" name="setUp" is-config="true" duration-ms="638" started-at="2025-11-26T12:54:52Z" finished-at="2025-11-26T12:54:53Z">
          <reporter-output>
          </reporter-output>
        </test-method> <!-- setUp -->
        <test-method status="PASS" signature="method_BT31_path_21_79()[pri:14, instance:generated.GeneratedTests@7823a2f9]" name="method_BT31_path_21_79" duration-ms="23671" started-at="2025-11-26T12:54:53Z" finished-at="2025-11-26T12:55:17Z">
          <reporter-output>
          </reporter-output>
        </test-method> <!-- method_BT31_path_21_79 -->
        <test-method status="PASS" signature="getStatusAndDuration(org.testng.ITestResult)[pri:0, instance:generated.GeneratedTests@7823a2f9]" name="getStatusAndDuration" is-config="true" duration-ms="0" started-at="2025-11-26T12:55:17Z" finished-at="2025-11-26T12:55:17Z">
          <params>
            <param index="0">
              <value>
                <![CDATA[[TestResult name=method_BT31_path_21_79 status=SUCCESS method=GeneratedTests.method_BT31_path_21_79()[pri:14, instance:generated.GeneratedTests@7823a2f9] output={null}]]]>
              </value>
            </param>
          </params>
          <reporter-output>
          </reporter-output>
        </test-method> <!-- getStatusAndDuration -->
        <test-method status="PASS" signature="setUp()[pri:0, instance:generated.GeneratedTests@7823a2f9]" name="setUp" is-config="true" duration-ms="630" started-at="2025-11-26T12:55:17Z" finished-at="2025-11-26T12:55:17Z">
          <reporter-output>
          </reporter-output>
        </test-method> <!-- setUp -->
        <test-method status="PASS" signature="method_BT25_path_80_82()[pri:15, instance:generated.GeneratedTests@7823a2f9]" name="method_BT25_path_80_82" duration-ms="11402" started-at="2025-11-26T12:55:17Z" finished-at="2025-11-26T12:55:29Z">
          <reporter-output>
          </reporter-output>
        </test-method> <!-- method_BT25_path_80_82 -->
        <test-method status="PASS" signature="getStatusAndDuration(org.testng.ITestResult)[pri:0, instance:generated.GeneratedTests@7823a2f9]" name="getStatusAndDuration" is-config="true" duration-ms="0" started-at="2025-11-26T12:55:29Z" finished-at="2025-11-26T12:55:29Z">
          <params>
            <param index="0">
              <value>
                <![CDATA[[TestResult name=method_BT25_path_80_82 status=SUCCESS method=GeneratedTests.method_BT25_path_80_82()[pri:15, instance:generated.GeneratedTests@7823a2f9] output={null}]]]>
              </value>
            </param>
          </params>
          <reporter-output>
          </reporter-output>
        </test-method> <!-- getStatusAndDuration -->
        <test-method status="PASS" signature="setUp()[pri:0, instance:generated.GeneratedTests@7823a2f9]" name="setUp" is-config="true" duration-ms="541" started-at="2025-11-26T12:55:29Z" finished-at="2025-11-26T12:55:29Z">
          <reporter-output>
          </reporter-output>
        </test-method> <!-- setUp -->
        <test-method status="PASS" signature="method_BT31_path_21_83_85()[pri:16, instance:generated.GeneratedTests@7823a2f9]" name="method_BT31_path_21_83_85" duration-ms="24160" started-at="2025-11-26T12:55:29Z" finished-at="2025-11-26T12:55:53Z">
          <reporter-output>
          </reporter-output>
        </test-method> <!-- method_BT31_path_21_83_85 -->
        <test-method status="PASS" signature="getStatusAndDuration(org.testng.ITestResult)[pri:0, instance:generated.GeneratedTests@7823a2f9]" name="getStatusAndDuration" is-config="true" duration-ms="5" started-at="2025-11-26T12:55:53Z" finished-at="2025-11-26T12:55:53Z">
          <params>
            <param index="0">
              <value>
                <![CDATA[[TestResult name=method_BT31_path_21_83_85 status=SUCCESS method=GeneratedTests.method_BT31_path_21_83_85()[pri:16, instance:generated.GeneratedTests@7823a2f9] output={null}]]]>
              </value>
            </param>
          </params>
          <reporter-output>
          </reporter-output>
        </test-method> <!-- getStatusAndDuration -->
        <test-method status="PASS" signature="setUp()[pri:0, instance:generated.GeneratedTests@7823a2f9]" name="setUp" is-config="true" duration-ms="669" started-at="2025-11-26T12:55:53Z" finished-at="2025-11-26T12:55:54Z">
          <reporter-output>
          </reporter-output>
        </test-method> <!-- setUp -->
        <test-method status="PASS" signature="method_BT32_path_90()[pri:17, instance:generated.GeneratedTests@7823a2f9]" name="method_BT32_path_90" duration-ms="9046" started-at="2025-11-26T12:55:54Z" finished-at="2025-11-26T12:56:03Z">
          <reporter-output>
          </reporter-output>
        </test-method> <!-- method_BT32_path_90 -->
        <test-method status="PASS" signature="getStatusAndDuration(org.testng.ITestResult)[pri:0, instance:generated.GeneratedTests@7823a2f9]" name="getStatusAndDuration" is-config="true" duration-ms="0" started-at="2025-11-26T12:56:03Z" finished-at="2025-11-26T12:56:03Z">
          <params>
            <param index="0">
              <value>
                <![CDATA[[TestResult name=method_BT32_path_90 status=SUCCESS method=GeneratedTests.method_BT32_path_90()[pri:17, instance:generated.GeneratedTests@7823a2f9] output={null}]]]>
              </value>
            </param>
          </params>
          <reporter-output>
          </reporter-output>
        </test-method> <!-- getStatusAndDuration -->
        <test-method status="PASS" signature="setUp()[pri:0, instance:generated.GeneratedTests@7823a2f9]" name="setUp" is-config="true" duration-ms="658" started-at="2025-11-26T12:56:03Z" finished-at="2025-11-26T12:56:04Z">
          <reporter-output>
          </reporter-output>
        </test-method> <!-- setUp -->
        <test-method status="PASS" signature="method_BT90_path_91_93()[pri:18, instance:generated.GeneratedTests@7823a2f9]" name="method_BT90_path_91_93" duration-ms="12081" started-at="2025-11-26T12:56:04Z" finished-at="2025-11-26T12:56:16Z">
          <reporter-output>
          </reporter-output>
        </test-method> <!-- method_BT90_path_91_93 -->
        <test-method status="PASS" signature="getStatusAndDuration(org.testng.ITestResult)[pri:0, instance:generated.GeneratedTests@7823a2f9]" name="getStatusAndDuration" is-config="true" duration-ms="1" started-at="2025-11-26T12:56:16Z" finished-at="2025-11-26T12:56:16Z">
          <params>
            <param index="0">
              <value>
                <![CDATA[[TestResult name=method_BT90_path_91_93 status=SUCCESS method=GeneratedTests.method_BT90_path_91_93()[pri:18, instance:generated.GeneratedTests@7823a2f9] output={null}]]]>
              </value>
            </param>
          </params>
          <reporter-output>
          </reporter-output>
        </test-method> <!-- getStatusAndDuration -->
        <test-method status="PASS" signature="setUp()[pri:0, instance:generated.GeneratedTests@7823a2f9]" name="setUp" is-config="true" duration-ms="755" started-at="2025-11-26T12:56:16Z" finished-at="2025-11-26T12:56:16Z">
          <reporter-output>
          </reporter-output>
        </test-method> <!-- setUp -->
        <test-method status="PASS" signature="method_BT44_path_100096_98()[pri:19, instance:generated.GeneratedTests@7823a2f9]" name="method_BT44_path_100096_98" duration-ms="13579" started-at="2025-11-26T12:56:16Z" finished-at="2025-11-26T12:56:30Z">
          <reporter-output>
          </reporter-output>
        </test-method> <!-- method_BT44_path_100096_98 -->
        <test-method status="PASS" signature="getStatusAndDuration(org.testng.ITestResult)[pri:0, instance:generated.GeneratedTests@7823a2f9]" name="getStatusAndDuration" is-config="true" duration-ms="0" started-at="2025-11-26T12:56:30Z" finished-at="2025-11-26T12:56:30Z">
          <params>
            <param index="0">
              <value>
                <![CDATA[[TestResult name=method_BT44_path_100096_98 status=SUCCESS method=GeneratedTests.method_BT44_path_100096_98()[pri:19, instance:generated.GeneratedTests@7823a2f9] output={null}]]]>
              </value>
            </param>
          </params>
          <reporter-output>
          </reporter-output>
        </test-method> <!-- getStatusAndDuration -->
        <test-method status="PASS" signature="setUp()[pri:0, instance:generated.GeneratedTests@7823a2f9]" name="setUp" is-config="true" duration-ms="835" started-at="2025-11-26T12:56:30Z" finished-at="2025-11-26T12:56:31Z">
          <reporter-output>
          </reporter-output>
        </test-method> <!-- setUp -->
        <test-method status="PASS" signature="method_BT90_path_100099()[pri:20, instance:generated.GeneratedTests@7823a2f9]" name="method_BT90_path_100099" duration-ms="6562" started-at="2025-11-26T12:56:31Z" finished-at="2025-11-26T12:56:37Z">
          <reporter-output>
          </reporter-output>
        </test-method> <!-- method_BT90_path_100099 -->
        <test-method status="PASS" signature="getStatusAndDuration(org.testng.ITestResult)[pri:0, instance:generated.GeneratedTests@7823a2f9]" name="getStatusAndDuration" is-config="true" duration-ms="0" started-at="2025-11-26T12:56:37Z" finished-at="2025-11-26T12:56:37Z">
          <params>
            <param index="0">
              <value>
                <![CDATA[[TestResult name=method_BT90_path_100099 status=SUCCESS method=GeneratedTests.method_BT90_path_100099()[pri:20, instance:generated.GeneratedTests@7823a2f9] output={null}]]]>
              </value>
            </param>
          </params>
          <reporter-output>
          </reporter-output>
        </test-method> <!-- getStatusAndDuration -->
        <test-method status="PASS" signature="setUp()[pri:0, instance:generated.GeneratedTests@7823a2f9]" name="setUp" is-config="true" duration-ms="621" started-at="2025-11-26T12:56:37Z" finished-at="2025-11-26T12:56:38Z">
          <reporter-output>
          </reporter-output>
        </test-method> <!-- setUp -->
        <test-method status="PASS" signature="method_BT25_failed_path_1000011()[pri:21, instance:generated.GeneratedTests@7823a2f9]" name="method_BT25_failed_path_1000011" duration-ms="6403" started-at="2025-11-26T12:56:38Z" finished-at="2025-11-26T12:56:44Z">
          <reporter-output>
          </reporter-output>
        </test-method> <!-- method_BT25_failed_path_1000011 -->
        <test-method status="PASS" signature="getStatusAndDuration(org.testng.ITestResult)[pri:0, instance:generated.GeneratedTests@7823a2f9]" name="getStatusAndDuration" is-config="true" duration-ms="0" started-at="2025-11-26T12:56:44Z" finished-at="2025-11-26T12:56:44Z">
          <params>
            <param index="0">
              <value>
                <![CDATA[[TestResult name=method_BT25_failed_path_1000011 status=SUCCESS method=GeneratedTests.method_BT25_failed_path_1000011()[pri:21, instance:generated.GeneratedTests@7823a2f9] output={null}]]]>
              </value>
            </param>
          </params>
          <reporter-output>
          </reporter-output>
        </test-method> <!-- getStatusAndDuration -->
        <test-method status="PASS" signature="setUp()[pri:0, instance:generated.GeneratedTests@7823a2f9]" name="setUp" is-config="true" duration-ms="633" started-at="2025-11-26T12:56:44Z" finished-at="2025-11-26T12:56:45Z">
          <reporter-output>
          </reporter-output>
        </test-method> <!-- setUp -->
        <test-method status="PASS" signature="method_BT32_path_100096_100_102()[pri:22, instance:generated.GeneratedTests@7823a2f9]" name="method_BT32_path_100096_100_102" duration-ms="17215" started-at="2025-11-26T12:56:45Z" finished-at="2025-11-26T12:57:02Z">
          <reporter-output>
          </reporter-output>
        </test-method> <!-- method_BT32_path_100096_100_102 -->
        <test-method status="PASS" signature="getStatusAndDuration(org.testng.ITestResult)[pri:0, instance:generated.GeneratedTests@7823a2f9]" name="getStatusAndDuration" is-config="true" duration-ms="0" started-at="2025-11-26T12:57:02Z" finished-at="2025-11-26T12:57:02Z">
          <params>
            <param index="0">
              <value>
                <![CDATA[[TestResult name=method_BT32_path_100096_100_102 status=SUCCESS method=GeneratedTests.method_BT32_path_100096_100_102()[pri:22, instance:generated.GeneratedTests@7823a2f9] output={null}]]]>
              </value>
            </param>
          </params>
          <reporter-output>
          </reporter-output>
        </test-method> <!-- getStatusAndDuration -->
        <test-method status="PASS" signature="setUp()[pri:0, instance:generated.GeneratedTests@7823a2f9]" name="setUp" is-config="true" duration-ms="642" started-at="2025-11-26T12:57:02Z" finished-at="2025-11-26T12:57:03Z">
          <reporter-output>
          </reporter-output>
        </test-method> <!-- setUp -->
        <test-method status="PASS" signature="method_BT32_path_100096_103_105_106_108()[pri:23, instance:generated.GeneratedTests@7823a2f9]" name="method_BT32_path_100096_103_105_106_108" duration-ms="22860" started-at="2025-11-26T12:57:03Z" finished-at="2025-11-26T12:57:26Z">
          <reporter-output>
          </reporter-output>
        </test-method> <!-- method_BT32_path_100096_103_105_106_108 -->
        <test-method status="PASS" signature="getStatusAndDuration(org.testng.ITestResult)[pri:0, instance:generated.GeneratedTests@7823a2f9]" name="getStatusAndDuration" is-config="true" duration-ms="0" started-at="2025-11-26T12:57:26Z" finished-at="2025-11-26T12:57:26Z">
          <params>
            <param index="0">
              <value>
                <![CDATA[[TestResult name=method_BT32_path_100096_103_105_106_108 status=SUCCESS method=GeneratedTests.method_BT32_path_100096_103_105_106_108()[pri:23, instance:generated.GeneratedTests@7823a2f9] output={null}]]]>
              </value>
            </param>
          </params>
          <reporter-output>
          </reporter-output>
        </test-method> <!-- getStatusAndDuration -->
        <test-method status="PASS" signature="setUp()[pri:0, instance:generated.GeneratedTests@7823a2f9]" name="setUp" is-config="true" duration-ms="657" started-at="2025-11-26T12:57:26Z" finished-at="2025-11-26T12:57:27Z">
          <reporter-output>
          </reporter-output>
        </test-method> <!-- setUp -->
        <test-method status="PASS" signature="method_BT33_failed_path_100096_1000015()[pri:24, instance:generated.GeneratedTests@7823a2f9]" name="method_BT33_failed_path_100096_1000015" duration-ms="9852" started-at="2025-11-26T12:57:27Z" finished-at="2025-11-26T12:57:36Z">
          <reporter-output>
          </reporter-output>
        </test-method> <!-- method_BT33_failed_path_100096_1000015 -->
        <test-method status="PASS" signature="getStatusAndDuration(org.testng.ITestResult)[pri:0, instance:generated.GeneratedTests@7823a2f9]" name="getStatusAndDuration" is-config="true" duration-ms="0" started-at="2025-11-26T12:57:36Z" finished-at="2025-11-26T12:57:36Z">
          <params>
            <param index="0">
              <value>
                <![CDATA[[TestResult name=method_BT33_failed_path_100096_1000015 status=SUCCESS method=GeneratedTests.method_BT33_failed_path_100096_1000015()[pri:24, instance:generated.GeneratedTests@7823a2f9] output={null}]]]>
              </value>
            </param>
          </params>
          <reporter-output>
          </reporter-output>
        </test-method> <!-- getStatusAndDuration -->
        <test-method status="PASS" signature="setUp()[pri:0, instance:generated.GeneratedTests@7823a2f9]" name="setUp" is-config="true" duration-ms="664" started-at="2025-11-26T12:57:36Z" finished-at="2025-11-26T12:57:37Z">
          <reporter-output>
          </reporter-output>
        </test-method> <!-- setUp -->
        <test-method status="PASS" signature="method_BT125_path_100096_1000015_110_112()[pri:25, instance:generated.GeneratedTests@7823a2f9]" name="method_BT125_path_100096_1000015_110_112" duration-ms="20271" started-at="2025-11-26T12:57:37Z" finished-at="2025-11-26T12:57:57Z">
          <reporter-output>
          </reporter-output>
        </test-method> <!-- method_BT125_path_100096_1000015_110_112 -->
        <test-method status="PASS" signature="getStatusAndDuration(org.testng.ITestResult)[pri:0, instance:generated.GeneratedTests@7823a2f9]" name="getStatusAndDuration" is-config="true" duration-ms="1" started-at="2025-11-26T12:57:57Z" finished-at="2025-11-26T12:57:57Z">
          <params>
            <param index="0">
              <value>
                <![CDATA[[TestResult name=method_BT125_path_100096_1000015_110_112 status=SUCCESS method=GeneratedTests.method_BT125_path_100096_1000015_110_112()[pri:25, instance:generated.GeneratedTests@7823a2f9] output={null}]]]>
              </value>
            </param>
          </params>
          <reporter-output>
          </reporter-output>
        </test-method> <!-- getStatusAndDuration -->
        <test-method status="PASS" signature="setUp()[pri:0, instance:generated.GeneratedTests@7823a2f9]" name="setUp" is-config="true" duration-ms="637" started-at="2025-11-26T12:57:57Z" finished-at="2025-11-26T12:57:58Z">
          <reporter-output>
          </reporter-output>
        </test-method> <!-- setUp -->
        <test-method status="PASS" signature="method_BT125_path_100096_1000015_113_115()[pri:26, instance:generated.GeneratedTests@7823a2f9]" name="method_BT125_path_100096_1000015_113_115" duration-ms="32199" started-at="2025-11-26T12:57:58Z" finished-at="2025-11-26T12:58:30Z">
          <reporter-output>
          </reporter-output>
        </test-method> <!-- method_BT125_path_100096_1000015_113_115 -->
        <test-method status="PASS" signature="setUp()[pri:0, instance:generated.GeneratedTests@7823a2f9]" name="setUp" is-config="true" duration-ms="905" started-at="2025-11-26T12:58:30Z" finished-at="2025-11-26T12:58:31Z">
          <reporter-output>
          </reporter-output>
        </test-method> <!-- setUp -->
        <test-method status="PASS" signature="getStatusAndDuration(org.testng.ITestResult)[pri:0, instance:generated.GeneratedTests@7823a2f9]" name="getStatusAndDuration" is-config="true" duration-ms="0" started-at="2025-11-26T12:58:30Z" finished-at="2025-11-26T12:58:30Z">
          <params>
            <param index="0">
              <value>
                <![CDATA[[TestResult name=method_BT125_path_100096_1000015_113_115 status=SUCCESS method=GeneratedTests.method_BT125_path_100096_1000015_113_115()[pri:26, instance:generated.GeneratedTests@7823a2f9] output={null}]]]>
              </value>
            </param>
          </params>
          <reporter-output>
          </reporter-output>
        </test-method> <!-- getStatusAndDuration -->
        <test-method status="PASS" signature="method_BT125_path_100096_1000015_117()[pri:27, instance:generated.GeneratedTests@7823a2f9]" name="method_BT125_path_100096_1000015_117" duration-ms="15424" started-at="2025-11-26T12:58:31Z" finished-at="2025-11-26T12:58:46Z">
          <reporter-output>
          </reporter-output>
        </test-method> <!-- method_BT125_path_100096_1000015_117 -->
        <test-method status="PASS" signature="getStatusAndDuration(org.testng.ITestResult)[pri:0, instance:generated.GeneratedTests@7823a2f9]" name="getStatusAndDuration" is-config="true" duration-ms="5" started-at="2025-11-26T12:58:46Z" finished-at="2025-11-26T12:58:46Z">
          <params>
            <param index="0">
              <value>
                <![CDATA[[TestResult name=method_BT125_path_100096_1000015_117 status=SUCCESS method=GeneratedTests.method_BT125_path_100096_1000015_117()[pri:27, instance:generated.GeneratedTests@7823a2f9] output={null}]]]>
              </value>
            </param>
          </params>
          <reporter-output>
          </reporter-output>
        </test-method> <!-- getStatusAndDuration -->
        <test-method status="PASS" signature="setUp()[pri:0, instance:generated.GeneratedTests@7823a2f9]" name="setUp" is-config="true" duration-ms="781" started-at="2025-11-26T12:58:46Z" finished-at="2025-11-26T12:58:47Z">
          <reporter-output>
          </reporter-output>
        </test-method> <!-- setUp -->
        <test-method status="PASS" signature="method_BT135_path_100096_1000015_113_118_120()[pri:28, instance:generated.GeneratedTests@7823a2f9]" name="method_BT135_path_100096_1000015_113_118_120" duration-ms="31574" started-at="2025-11-26T12:58:47Z" finished-at="2025-11-26T12:59:19Z">
          <reporter-output>
          </reporter-output>
        </test-method> <!-- method_BT135_path_100096_1000015_113_118_120 -->
        <test-method status="PASS" signature="getStatusAndDuration(org.testng.ITestResult)[pri:0, instance:generated.GeneratedTests@7823a2f9]" name="getStatusAndDuration" is-config="true" duration-ms="1" started-at="2025-11-26T12:59:19Z" finished-at="2025-11-26T12:59:19Z">
          <params>
            <param index="0">
              <value>
                <![CDATA[[TestResult name=method_BT135_path_100096_1000015_113_118_120 status=SUCCESS method=GeneratedTests.method_BT135_path_100096_1000015_113_118_120()[pri:28, instance:generated.GeneratedTests@7823a2f9] output={null}]]]>
              </value>
            </param>
          </params>
          <reporter-output>
          </reporter-output>
        </test-method> <!-- getStatusAndDuration -->
        <test-method status="PASS" signature="setUp()[pri:0, instance:generated.GeneratedTests@7823a2f9]" name="setUp" is-config="true" duration-ms="621" started-at="2025-11-26T12:59:19Z" finished-at="2025-11-26T12:59:19Z">
          <reporter-output>
          </reporter-output>
        </test-method> <!-- setUp -->
        <test-method status="PASS" signature="method_BT135_path_100096_1000015_113_121_122()[pri:29, instance:generated.GeneratedTests@7823a2f9]" name="method_BT135_path_100096_1000015_113_121_122" duration-ms="33484" started-at="2025-11-26T12:59:19Z" finished-at="2025-11-26T12:59:53Z">
          <reporter-output>
          </reporter-output>
        </test-method> <!-- method_BT135_path_100096_1000015_113_121_122 -->
        <test-method status="PASS" signature="getStatusAndDuration(org.testng.ITestResult)[pri:0, instance:generated.GeneratedTests@7823a2f9]" name="getStatusAndDuration" is-config="true" duration-ms="0" started-at="2025-11-26T12:59:53Z" finished-at="2025-11-26T12:59:53Z">
          <params>
            <param index="0">
              <value>
                <![CDATA[[TestResult name=method_BT135_path_100096_1000015_113_121_122 status=SUCCESS method=GeneratedTests.method_BT135_path_100096_1000015_113_121_122()[pri:29, instance:generated.GeneratedTests@7823a2f9] output={null}]]]>
              </value>
            </param>
          </params>
          <reporter-output>
          </reporter-output>
        </test-method> <!-- getStatusAndDuration -->
        <test-method status="PASS" signature="setUp()[pri:0, instance:generated.GeneratedTests@7823a2f9]" name="setUp" is-config="true" duration-ms="696" started-at="2025-11-26T12:59:53Z" finished-at="2025-11-26T12:59:54Z">
          <reporter-output>
          </reporter-output>
        </test-method> <!-- setUp -->
        <test-method status="PASS" signature="method_BT135_path_100096_1000015_113_123_125()[pri:30, instance:generated.GeneratedTests@7823a2f9]" name="method_BT135_path_100096_1000015_113_123_125" duration-ms="31354" started-at="2025-11-26T12:59:54Z" finished-at="2025-11-26T13:00:25Z">
          <reporter-output>
          </reporter-output>
        </test-method> <!-- method_BT135_path_100096_1000015_113_123_125 -->
        <test-method status="PASS" signature="getStatusAndDuration(org.testng.ITestResult)[pri:0, instance:generated.GeneratedTests@7823a2f9]" name="getStatusAndDuration" is-config="true" duration-ms="0" started-at="2025-11-26T13:00:25Z" finished-at="2025-11-26T13:00:25Z">
          <params>
            <param index="0">
              <value>
                <![CDATA[[TestResult name=method_BT135_path_100096_1000015_113_123_125 status=SUCCESS method=GeneratedTests.method_BT135_path_100096_1000015_113_123_125()[pri:30, instance:generated.GeneratedTests@7823a2f9] output={null}]]]>
              </value>
            </param>
          </params>
          <reporter-output>
          </reporter-output>
        </test-method> <!-- getStatusAndDuration -->
        <test-method status="PASS" signature="setUp()[pri:0, instance:generated.GeneratedTests@7823a2f9]" name="setUp" is-config="true" duration-ms="646" started-at="2025-11-26T13:00:25Z" finished-at="2025-11-26T13:00:26Z">
          <reporter-output>
          </reporter-output>
        </test-method> <!-- setUp -->
        <test-method status="PASS" signature="method_BT130_failed_path_21_22_1000033()[pri:31, instance:generated.GeneratedTests@7823a2f9]" name="method_BT130_failed_path_21_22_1000033" duration-ms="21685" started-at="2025-11-26T13:00:26Z" finished-at="2025-11-26T13:00:47Z">
          <reporter-output>
          </reporter-output>
        </test-method> <!-- method_BT130_failed_path_21_22_1000033 -->
        <test-method status="PASS" signature="getStatusAndDuration(org.testng.ITestResult)[pri:0, instance:generated.GeneratedTests@7823a2f9]" name="getStatusAndDuration" is-config="true" duration-ms="1" started-at="2025-11-26T13:00:47Z" finished-at="2025-11-26T13:00:47Z">
          <params>
            <param index="0">
              <value>
                <![CDATA[[TestResult name=method_BT130_failed_path_21_22_1000033 status=SUCCESS method=GeneratedTests.method_BT130_failed_path_21_22_1000033()[pri:31, instance:generated.GeneratedTests@7823a2f9] output={null}]]]>
              </value>
            </param>
          </params>
          <reporter-output>
          </reporter-output>
        </test-method> <!-- getStatusAndDuration -->
        <test-method status="PASS" signature="setUp()[pri:0, instance:generated.GeneratedTests@7823a2f9]" name="setUp" is-config="true" duration-ms="642" started-at="2025-11-26T13:00:47Z" finished-at="2025-11-26T13:00:48Z">
          <reporter-output>
          </reporter-output>
        </test-method> <!-- setUp -->
        <test-method status="PASS" signature="method_BT33_path_21_22_1000033_127()[pri:32, instance:generated.GeneratedTests@7823a2f9]" name="method_BT33_path_21_22_1000033_127" duration-ms="30957" started-at="2025-11-26T13:00:48Z" finished-at="2025-11-26T13:01:19Z">
          <reporter-output>
          </reporter-output>
        </test-method> <!-- method_BT33_path_21_22_1000033_127 -->
        <test-method status="PASS" signature="getStatusAndDuration(org.testng.ITestResult)[pri:0, instance:generated.GeneratedTests@7823a2f9]" name="getStatusAndDuration" is-config="true" duration-ms="1" started-at="2025-11-26T13:01:19Z" finished-at="2025-11-26T13:01:19Z">
          <params>
            <param index="0">
              <value>
                <![CDATA[[TestResult name=method_BT33_path_21_22_1000033_127 status=SUCCESS method=GeneratedTests.method_BT33_path_21_22_1000033_127()[pri:32, instance:generated.GeneratedTests@7823a2f9] output={null}]]]>
              </value>
            </param>
          </params>
          <reporter-output>
          </reporter-output>
        </test-method> <!-- getStatusAndDuration -->
        <test-method status="PASS" signature="setUp()[pri:0, instance:generated.GeneratedTests@7823a2f9]" name="setUp" is-config="true" duration-ms="648" started-at="2025-11-26T13:01:19Z" finished-at="2025-11-26T13:01:20Z">
          <reporter-output>
          </reporter-output>
        </test-method> <!-- setUp -->
        <test-method status="PASS" signature="method_BT88_path_21_83_128()[pri:33, instance:generated.GeneratedTests@7823a2f9]" name="method_BT88_path_21_83_128" duration-ms="24200" started-at="2025-11-26T13:01:20Z" finished-at="2025-11-26T13:01:44Z">
          <reporter-output>
          </reporter-output>
        </test-method> <!-- method_BT88_path_21_83_128 -->
        <test-method status="PASS" signature="getStatusAndDuration(org.testng.ITestResult)[pri:0, instance:generated.GeneratedTests@7823a2f9]" name="getStatusAndDuration" is-config="true" duration-ms="0" started-at="2025-11-26T13:01:44Z" finished-at="2025-11-26T13:01:44Z">
          <params>
            <param index="0">
              <value>
                <![CDATA[[TestResult name=method_BT88_path_21_83_128 status=SUCCESS method=GeneratedTests.method_BT88_path_21_83_128()[pri:33, instance:generated.GeneratedTests@7823a2f9] output={null}]]]>
              </value>
            </param>
          </params>
          <reporter-output>
          </reporter-output>
        </test-method> <!-- getStatusAndDuration -->
        <test-method status="PASS" signature="setUp()[pri:0, instance:generated.GeneratedTests@7823a2f9]" name="setUp" is-config="true" duration-ms="708" started-at="2025-11-26T13:01:44Z" finished-at="2025-11-26T13:01:44Z">
          <reporter-output>
          </reporter-output>
        </test-method> <!-- setUp -->
        <test-method status="PASS" signature="method_BT115_path_100096_100_129()[pri:34, instance:generated.GeneratedTests@7823a2f9]" name="method_BT115_path_100096_100_129" duration-ms="13346" started-at="2025-11-26T13:01:44Z" finished-at="2025-11-26T13:01:58Z">
          <reporter-output>
          </reporter-output>
        </test-method> <!-- method_BT115_path_100096_100_129 -->
        <test-method status="PASS" signature="getStatusAndDuration(org.testng.ITestResult)[pri:0, instance:generated.GeneratedTests@7823a2f9]" name="getStatusAndDuration" is-config="true" duration-ms="0" started-at="2025-11-26T13:01:58Z" finished-at="2025-11-26T13:01:58Z">
          <params>
            <param index="0">
              <value>
                <![CDATA[[TestResult name=method_BT115_path_100096_100_129 status=SUCCESS method=GeneratedTests.method_BT115_path_100096_100_129()[pri:34, instance:generated.GeneratedTests@7823a2f9] output={null}]]]>
              </value>
            </param>
          </params>
          <reporter-output>
          </reporter-output>
        </test-method> <!-- getStatusAndDuration -->
        <test-method status="PASS" signature="setUp()[pri:0, instance:generated.GeneratedTests@7823a2f9]" name="setUp" is-config="true" duration-ms="641" started-at="2025-11-26T13:01:58Z" finished-at="2025-11-26T13:01:58Z">
          <reporter-output>
          </reporter-output>
        </test-method> <!-- setUp -->
        <test-method status="PASS" signature="method_BT119_path_131()[pri:35, instance:generated.GeneratedTests@7823a2f9]" name="method_BT119_path_131" duration-ms="8086" started-at="2025-11-26T13:01:58Z" finished-at="2025-11-26T13:02:07Z">
          <reporter-output>
          </reporter-output>
        </test-method> <!-- method_BT119_path_131 -->
        <test-method status="PASS" signature="getStatusAndDuration(org.testng.ITestResult)[pri:0, instance:generated.GeneratedTests@7823a2f9]" name="getStatusAndDuration" is-config="true" duration-ms="0" started-at="2025-11-26T13:02:07Z" finished-at="2025-11-26T13:02:07Z">
          <params>
            <param index="0">
              <value>
                <![CDATA[[TestResult name=method_BT119_path_131 status=SUCCESS method=GeneratedTests.method_BT119_path_131()[pri:35, instance:generated.GeneratedTests@7823a2f9] output={null}]]]>
              </value>
            </param>
          </params>
          <reporter-output>
          </reporter-output>
        </test-method> <!-- getStatusAndDuration -->
        <test-method status="PASS" signature="setUp()[pri:0, instance:generated.GeneratedTests@7823a2f9]" name="setUp" is-config="true" duration-ms="552" started-at="2025-11-26T13:02:07Z" finished-at="2025-11-26T13:02:07Z">
          <reporter-output>
          </reporter-output>
        </test-method> <!-- setUp -->
        <test-method status="PASS" signature="method_BT179_path_132()[pri:36, instance:generated.GeneratedTests@7823a2f9]" name="method_BT179_path_132" duration-ms="3516" started-at="2025-11-26T13:02:07Z" finished-at="2025-11-26T13:02:11Z">
          <reporter-output>
          </reporter-output>
        </test-method> <!-- method_BT179_path_132 -->
        <test-method status="PASS" signature="getStatusAndDuration(org.testng.ITestResult)[pri:0, instance:generated.GeneratedTests@7823a2f9]" name="getStatusAndDuration" is-config="true" duration-ms="0" started-at="2025-11-26T13:02:11Z" finished-at="2025-11-26T13:02:11Z">
          <params>
            <param index="0">
              <value>
                <![CDATA[[TestResult name=method_BT179_path_132 status=SUCCESS method=GeneratedTests.method_BT179_path_132()[pri:36, instance:generated.GeneratedTests@7823a2f9] output={null}]]]>
              </value>
            </param>
          </params>
          <reporter-output>
          </reporter-output>
        </test-method> <!-- getStatusAndDuration -->
        <test-method status="PASS" signature="setUp()[pri:0, instance:generated.GeneratedTests@7823a2f9]" name="setUp" is-config="true" duration-ms="657" started-at="2025-11-26T13:02:11Z" finished-at="2025-11-26T13:02:11Z">
          <reporter-output>
          </reporter-output>
        </test-method> <!-- setUp -->
        <test-method status="PASS" signature="method_BT121_path_100137()[pri:37, instance:generated.GeneratedTests@7823a2f9]" name="method_BT121_path_100137" duration-ms="8803" started-at="2025-11-26T13:02:11Z" finished-at="2025-11-26T13:02:20Z">
          <reporter-output>
          </reporter-output>
        </test-method> <!-- method_BT121_path_100137 -->
        <test-method status="PASS" signature="getStatusAndDuration(org.testng.ITestResult)[pri:0, instance:generated.GeneratedTests@7823a2f9]" name="getStatusAndDuration" is-config="true" duration-ms="0" started-at="2025-11-26T13:02:20Z" finished-at="2025-11-26T13:02:20Z">
          <params>
            <param index="0">
              <value>
                <![CDATA[[TestResult name=method_BT121_path_100137 status=SUCCESS method=GeneratedTests.method_BT121_path_100137()[pri:37, instance:generated.GeneratedTests@7823a2f9] output={null}]]]>
              </value>
            </param>
          </params>
          <reporter-output>
          </reporter-output>
        </test-method> <!-- getStatusAndDuration -->
        <test-method status="PASS" signature="setUp()[pri:0, instance:generated.GeneratedTests@7823a2f9]" name="setUp" is-config="true" duration-ms="639" started-at="2025-11-26T13:02:20Z" finished-at="2025-11-26T13:02:21Z">
          <reporter-output>
          </reporter-output>
        </test-method> <!-- setUp -->
        <test-method status="PASS" signature="method_BT179_path_100138()[pri:38, instance:generated.GeneratedTests@7823a2f9]" name="method_BT179_path_100138" duration-ms="6987" started-at="2025-11-26T13:02:21Z" finished-at="2025-11-26T13:02:28Z">
          <reporter-output>
          </reporter-output>
        </test-method> <!-- method_BT179_path_100138 -->
        <test-method status="PASS" signature="getStatusAndDuration(org.testng.ITestResult)[pri:0, instance:generated.GeneratedTests@7823a2f9]" name="getStatusAndDuration" is-config="true" duration-ms="0" started-at="2025-11-26T13:02:28Z" finished-at="2025-11-26T13:02:28Z">
          <params>
            <param index="0">
              <value>
                <![CDATA[[TestResult name=method_BT179_path_100138 status=SUCCESS method=GeneratedTests.method_BT179_path_100138()[pri:38, instance:generated.GeneratedTests@7823a2f9] output={null}]]]>
              </value>
            </param>
          </params>
          <reporter-output>
          </reporter-output>
        </test-method> <!-- getStatusAndDuration -->
        <test-method status="PASS" signature="setUp()[pri:0, instance:generated.GeneratedTests@7823a2f9]" name="setUp" is-config="true" duration-ms="625" started-at="2025-11-26T13:02:28Z" finished-at="2025-11-26T13:02:28Z">
          <reporter-output>
          </reporter-output>
        </test-method> <!-- setUp -->
        <test-method status="PASS" signature="method_BT130_path_100138_110_139()[pri:39, instance:generated.GeneratedTests@7823a2f9]" name="method_BT130_path_100138_110_139" duration-ms="17739" started-at="2025-11-26T13:02:28Z" finished-at="2025-11-26T13:02:46Z">
          <reporter-output>
          </reporter-output>
        </test-method> <!-- method_BT130_path_100138_110_139 -->
        <test-method status="PASS" signature="setUp()[pri:0, instance:generated.GeneratedTests@7823a2f9]" name="setUp" is-config="true" duration-ms="675" started-at="2025-11-26T13:02:46Z" finished-at="2025-11-26T13:02:47Z">
          <reporter-output>
          </reporter-output>
        </test-method> <!-- setUp -->
        <test-method status="PASS" signature="getStatusAndDuration(org.testng.ITestResult)[pri:0, instance:generated.GeneratedTests@7823a2f9]" name="getStatusAndDuration" is-config="true" duration-ms="0" started-at="2025-11-26T13:02:46Z" finished-at="2025-11-26T13:02:46Z">
          <params>
            <param index="0">
              <value>
                <![CDATA[[TestResult name=method_BT130_path_100138_110_139 status=SUCCESS method=GeneratedTests.method_BT130_path_100138_110_139()[pri:39, instance:generated.GeneratedTests@7823a2f9] output={null}]]]>
              </value>
            </param>
          </params>
          <reporter-output>
          </reporter-output>
        </test-method> <!-- getStatusAndDuration -->
        <test-method status="PASS" signature="method_BT88_path_100137_83_140()[pri:40, instance:generated.GeneratedTests@7823a2f9]" name="method_BT88_path_100137_83_140" duration-ms="30400" started-at="2025-11-26T13:02:47Z" finished-at="2025-11-26T13:03:17Z">
          <reporter-output>
          </reporter-output>
        </test-method> <!-- method_BT88_path_100137_83_140 -->
        <test-method status="PASS" signature="getStatusAndDuration(org.testng.ITestResult)[pri:0, instance:generated.GeneratedTests@7823a2f9]" name="getStatusAndDuration" is-config="true" duration-ms="2" started-at="2025-11-26T13:03:17Z" finished-at="2025-11-26T13:03:17Z">
          <params>
            <param index="0">
              <value>
                <![CDATA[[TestResult name=method_BT88_path_100137_83_140 status=SUCCESS method=GeneratedTests.method_BT88_path_100137_83_140()[pri:40, instance:generated.GeneratedTests@7823a2f9] output={null}]]]>
              </value>
            </param>
          </params>
          <reporter-output>
          </reporter-output>
        </test-method> <!-- getStatusAndDuration -->
        <test-method status="PASS" signature="setUp()[pri:0, instance:generated.GeneratedTests@7823a2f9]" name="setUp" is-config="true" duration-ms="661" started-at="2025-11-26T13:03:17Z" finished-at="2025-11-26T13:03:18Z">
          <reporter-output>
          </reporter-output>
        </test-method> <!-- setUp -->
        <test-method status="PASS" signature="method_BT130_path_142()[pri:41, instance:generated.GeneratedTests@7823a2f9]" name="method_BT130_path_142" duration-ms="11149" started-at="2025-11-26T13:03:18Z" finished-at="2025-11-26T13:03:29Z">
          <reporter-output>
          </reporter-output>
        </test-method> <!-- method_BT130_path_142 -->
        <test-method status="PASS" signature="getStatusAndDuration(org.testng.ITestResult)[pri:0, instance:generated.GeneratedTests@7823a2f9]" name="getStatusAndDuration" is-config="true" duration-ms="0" started-at="2025-11-26T13:03:29Z" finished-at="2025-11-26T13:03:29Z">
          <params>
            <param index="0">
              <value>
                <![CDATA[[TestResult name=method_BT130_path_142 status=SUCCESS method=GeneratedTests.method_BT130_path_142()[pri:41, instance:generated.GeneratedTests@7823a2f9] output={null}]]]>
              </value>
            </param>
          </params>
          <reporter-output>
          </reporter-output>
        </test-method> <!-- getStatusAndDuration -->
        <test-method status="PASS" signature="setUp()[pri:0, instance:generated.GeneratedTests@7823a2f9]" name="setUp" is-config="true" duration-ms="698" started-at="2025-11-26T13:03:29Z" finished-at="2025-11-26T13:03:30Z">
          <reporter-output>
          </reporter-output>
        </test-method> <!-- setUp -->
        <test-method status="PASS" signature="method_BT200_path_143()[pri:42, instance:generated.GeneratedTests@7823a2f9]" name="method_BT200_path_143" duration-ms="7455" started-at="2025-11-26T13:03:30Z" finished-at="2025-11-26T13:03:37Z">
          <reporter-output>
          </reporter-output>
        </test-method> <!-- method_BT200_path_143 -->
        <test-method status="PASS" signature="getStatusAndDuration(org.testng.ITestResult)[pri:0, instance:generated.GeneratedTests@7823a2f9]" name="getStatusAndDuration" is-config="true" duration-ms="0" started-at="2025-11-26T13:03:37Z" finished-at="2025-11-26T13:03:37Z">
          <params>
            <param index="0">
              <value>
                <![CDATA[[TestResult name=method_BT200_path_143 status=SUCCESS method=GeneratedTests.method_BT200_path_143()[pri:42, instance:generated.GeneratedTests@7823a2f9] output={null}]]]>
              </value>
            </param>
          </params>
          <reporter-output>
          </reporter-output>
        </test-method> <!-- getStatusAndDuration -->
        <test-method status="PASS" signature="setUp()[pri:0, instance:generated.GeneratedTests@7823a2f9]" name="setUp" is-config="true" duration-ms="649" started-at="2025-11-26T13:03:37Z" finished-at="2025-11-26T13:03:38Z">
          <reporter-output>
          </reporter-output>
        </test-method> <!-- setUp -->
        <test-method status="PASS" signature="method_BT200_path_144_146()[pri:43, instance:generated.GeneratedTests@7823a2f9]" name="method_BT200_path_144_146" duration-ms="14529" started-at="2025-11-26T13:03:38Z" finished-at="2025-11-26T13:03:52Z">
          <reporter-output>
          </reporter-output>
        </test-method> <!-- method_BT200_path_144_146 -->
        <test-method status="PASS" signature="getStatusAndDuration(org.testng.ITestResult)[pri:0, instance:generated.GeneratedTests@7823a2f9]" name="getStatusAndDuration" is-config="true" duration-ms="2" started-at="2025-11-26T13:03:52Z" finished-at="2025-11-26T13:03:52Z">
          <params>
            <param index="0">
              <value>
                <![CDATA[[TestResult name=method_BT200_path_144_146 status=SUCCESS method=GeneratedTests.method_BT200_path_144_146()[pri:43, instance:generated.GeneratedTests@7823a2f9] output={null}]]]>
              </value>
            </param>
          </params>
          <reporter-output>
          </reporter-output>
        </test-method> <!-- getStatusAndDuration -->
        <test-method status="PASS" signature="setUp()[pri:0, instance:generated.GeneratedTests@7823a2f9]" name="setUp" is-config="true" duration-ms="649" started-at="2025-11-26T13:03:52Z" finished-at="2025-11-26T13:03:53Z">
          <reporter-output>
          </reporter-output>
        </test-method> <!-- setUp -->
        <test-method status="PASS" signature="method_BT205_path_144_148_149()[pri:44, instance:generated.GeneratedTests@7823a2f9]" name="method_BT205_path_144_148_149" duration-ms="17030" started-at="2025-11-26T13:03:53Z" finished-at="2025-11-26T13:04:10Z">
          <reporter-output>
          </reporter-output>
        </test-method> <!-- method_BT205_path_144_148_149 -->
        <test-method status="PASS" signature="getStatusAndDuration(org.testng.ITestResult)[pri:0, instance:generated.GeneratedTests@7823a2f9]" name="getStatusAndDuration" is-config="true" duration-ms="0" started-at="2025-11-26T13:04:10Z" finished-at="2025-11-26T13:04:10Z">
          <params>
            <param index="0">
              <value>
                <![CDATA[[TestResult name=method_BT205_path_144_148_149 status=SUCCESS method=GeneratedTests.method_BT205_path_144_148_149()[pri:44, instance:generated.GeneratedTests@7823a2f9] output={null}]]]>
              </value>
            </param>
          </params>
          <reporter-output>
          </reporter-output>
        </test-method> <!-- getStatusAndDuration -->
        <test-method status="PASS" signature="setUp()[pri:0, instance:generated.GeneratedTests@7823a2f9]" name="setUp" is-config="true" duration-ms="746" started-at="2025-11-26T13:04:10Z" finished-at="2025-11-26T13:04:11Z">
          <reporter-output>
          </reporter-output>
        </test-method> <!-- setUp -->
        <test-method status="PASS" signature="method_BT205_path_144_150()[pri:45, instance:generated.GeneratedTests@7823a2f9]" name="method_BT205_path_144_150" duration-ms="12020" started-at="2025-11-26T13:04:11Z" finished-at="2025-11-26T13:04:23Z">
          <reporter-output>
          </reporter-output>
        </test-method> <!-- method_BT205_path_144_150 -->
        <test-method status="PASS" signature="getStatusAndDuration(org.testng.ITestResult)[pri:0, instance:generated.GeneratedTests@7823a2f9]" name="getStatusAndDuration" is-config="true" duration-ms="1" started-at="2025-11-26T13:04:23Z" finished-at="2025-11-26T13:04:23Z">
          <params>
            <param index="0">
              <value>
                <![CDATA[[TestResult name=method_BT205_path_144_150 status=SUCCESS method=GeneratedTests.method_BT205_path_144_150()[pri:45, instance:generated.GeneratedTests@7823a2f9] output={null}]]]>
              </value>
            </param>
          </params>
          <reporter-output>
          </reporter-output>
        </test-method> <!-- getStatusAndDuration -->
        <test-method status="PASS" signature="setUp()[pri:0, instance:generated.GeneratedTests@7823a2f9]" name="setUp" is-config="true" duration-ms="598" started-at="2025-11-26T13:04:23Z" finished-at="2025-11-26T13:04:23Z">
          <reporter-output>
          </reporter-output>
        </test-method> <!-- setUp -->
        <test-method status="PASS" signature="method_BT205_path_144()[pri:46, instance:generated.GeneratedTests@7823a2f9]" name="method_BT205_path_144" duration-ms="7981" started-at="2025-11-26T13:04:23Z" finished-at="2025-11-26T13:04:31Z">
          <reporter-output>
          </reporter-output>
        </test-method> <!-- method_BT205_path_144 -->
        <test-method status="PASS" signature="getStatusAndDuration(org.testng.ITestResult)[pri:0, instance:generated.GeneratedTests@7823a2f9]" name="getStatusAndDuration" is-config="true" duration-ms="1" started-at="2025-11-26T13:04:31Z" finished-at="2025-11-26T13:04:31Z">
          <params>
            <param index="0">
              <value>
                <![CDATA[[TestResult name=method_BT205_path_144 status=SUCCESS method=GeneratedTests.method_BT205_path_144()[pri:46, instance:generated.GeneratedTests@7823a2f9] output={null}]]]>
              </value>
            </param>
          </params>
          <reporter-output>
          </reporter-output>
        </test-method> <!-- getStatusAndDuration -->
        <test-method status="PASS" signature="setUp()[pri:0, instance:generated.GeneratedTests@7823a2f9]" name="setUp" is-config="true" duration-ms="618" started-at="2025-11-26T13:04:31Z" finished-at="2025-11-26T13:04:32Z">
          <reporter-output>
          </reporter-output>
        </test-method> <!-- setUp -->
        <test-method status="PASS" signature="method_BT200_path_100153()[pri:47, instance:generated.GeneratedTests@7823a2f9]" name="method_BT200_path_100153" duration-ms="6946" started-at="2025-11-26T13:04:32Z" finished-at="2025-11-26T13:04:39Z">
          <reporter-output>
          </reporter-output>
        </test-method> <!-- method_BT200_path_100153 -->
        <test-method status="PASS" signature="setUp()[pri:0, instance:generated.GeneratedTests@7823a2f9]" name="setUp" is-config="true" duration-ms="737" started-at="2025-11-26T13:04:39Z" finished-at="2025-11-26T13:04:40Z">
          <reporter-output>
          </reporter-output>
        </test-method> <!-- setUp -->
        <test-method status="PASS" signature="getStatusAndDuration(org.testng.ITestResult)[pri:0, instance:generated.GeneratedTests@7823a2f9]" name="getStatusAndDuration" is-config="true" duration-ms="0" started-at="2025-11-26T13:04:39Z" finished-at="2025-11-26T13:04:39Z">
          <params>
            <param index="0">
              <value>
                <![CDATA[[TestResult name=method_BT200_path_100153 status=SUCCESS method=GeneratedTests.method_BT200_path_100153()[pri:47, instance:generated.GeneratedTests@7823a2f9] output={null}]]]>
              </value>
            </param>
          </params>
          <reporter-output>
          </reporter-output>
        </test-method> <!-- getStatusAndDuration -->
        <test-method status="PASS" signature="method_BT200_path_100154_155()[pri:48, instance:generated.GeneratedTests@7823a2f9]" name="method_BT200_path_100154_155" duration-ms="14121" started-at="2025-11-26T13:04:40Z" finished-at="2025-11-26T13:04:54Z">
          <reporter-output>
          </reporter-output>
        </test-method> <!-- method_BT200_path_100154_155 -->
        <test-method status="PASS" signature="getStatusAndDuration(org.testng.ITestResult)[pri:0, instance:generated.GeneratedTests@7823a2f9]" name="getStatusAndDuration" is-config="true" duration-ms="0" started-at="2025-11-26T13:04:54Z" finished-at="2025-11-26T13:04:54Z">
          <params>
            <param index="0">
              <value>
                <![CDATA[[TestResult name=method_BT200_path_100154_155 status=SUCCESS method=GeneratedTests.method_BT200_path_100154_155()[pri:48, instance:generated.GeneratedTests@7823a2f9] output={null}]]]>
              </value>
            </param>
          </params>
          <reporter-output>
          </reporter-output>
        </test-method> <!-- getStatusAndDuration -->
        <test-method status="PASS" signature="setUp()[pri:0, instance:generated.GeneratedTests@7823a2f9]" name="setUp" is-config="true" duration-ms="703" started-at="2025-11-26T13:04:54Z" finished-at="2025-11-26T13:04:54Z">
          <reporter-output>
          </reporter-output>
        </test-method> <!-- setUp -->
        <test-method status="PASS" signature="method_BT200_path_100156_158()[pri:49, instance:generated.GeneratedTests@7823a2f9]" name="method_BT200_path_100156_158" duration-ms="15631" started-at="2025-11-26T13:04:54Z" finished-at="2025-11-26T13:05:10Z">
          <reporter-output>
          </reporter-output>
        </test-method> <!-- method_BT200_path_100156_158 -->
        <test-method status="PASS" signature="getStatusAndDuration(org.testng.ITestResult)[pri:0, instance:generated.GeneratedTests@7823a2f9]" name="getStatusAndDuration" is-config="true" duration-ms="0" started-at="2025-11-26T13:05:10Z" finished-at="2025-11-26T13:05:10Z">
          <params>
            <param index="0">
              <value>
                <![CDATA[[TestResult name=method_BT200_path_100156_158 status=SUCCESS method=GeneratedTests.method_BT200_path_100156_158()[pri:49, instance:generated.GeneratedTests@7823a2f9] output={null}]]]>
              </value>
            </param>
          </params>
          <reporter-output>
          </reporter-output>
        </test-method> <!-- getStatusAndDuration -->
        <test-method status="PASS" signature="setUp()[pri:0, instance:generated.GeneratedTests@7823a2f9]" name="setUp" is-config="true" duration-ms="638" started-at="2025-11-26T13:05:10Z" finished-at="2025-11-26T13:05:11Z">
          <reporter-output>
          </reporter-output>
        </test-method> <!-- setUp -->
        <test-method status="PASS" signature="method_BT226_path_100156_159()[pri:50, instance:generated.GeneratedTests@7823a2f9]" name="method_BT226_path_100156_159" duration-ms="12719" started-at="2025-11-26T13:05:11Z" finished-at="2025-11-26T13:05:23Z">
          <reporter-output>
          </reporter-output>
        </test-method> <!-- method_BT226_path_100156_159 -->
        <test-method status="PASS" signature="getStatusAndDuration(org.testng.ITestResult)[pri:0, instance:generated.GeneratedTests@7823a2f9]" name="getStatusAndDuration" is-config="true" duration-ms="0" started-at="2025-11-26T13:05:23Z" finished-at="2025-11-26T13:05:23Z">
          <params>
            <param index="0">
              <value>
                <![CDATA[[TestResult name=method_BT226_path_100156_159 status=SUCCESS method=GeneratedTests.method_BT226_path_100156_159()[pri:50, instance:generated.GeneratedTests@7823a2f9] output={null}]]]>
              </value>
            </param>
          </params>
          <reporter-output>
          </reporter-output>
        </test-method> <!-- getStatusAndDuration -->
        <test-method status="PASS" signature="setUp()[pri:0, instance:generated.GeneratedTests@7823a2f9]" name="setUp" is-config="true" duration-ms="624" started-at="2025-11-26T13:05:23Z" finished-at="2025-11-26T13:05:24Z">
          <reporter-output>
          </reporter-output>
        </test-method> <!-- setUp -->
        <test-method status="PASS" signature="method_BT226_path_100156_160_162()[pri:51, instance:generated.GeneratedTests@7823a2f9]" name="method_BT226_path_100156_160_162" duration-ms="18984" started-at="2025-11-26T13:05:24Z" finished-at="2025-11-26T13:05:43Z">
          <reporter-output>
          </reporter-output>
        </test-method> <!-- method_BT226_path_100156_160_162 -->
        <test-method status="PASS" signature="getStatusAndDuration(org.testng.ITestResult)[pri:0, instance:generated.GeneratedTests@7823a2f9]" name="getStatusAndDuration" is-config="true" duration-ms="0" started-at="2025-11-26T13:05:43Z" finished-at="2025-11-26T13:05:43Z">
          <params>
            <param index="0">
              <value>
                <![CDATA[[TestResult name=method_BT226_path_100156_160_162 status=SUCCESS method=GeneratedTests.method_BT226_path_100156_160_162()[pri:51, instance:generated.GeneratedTests@7823a2f9] output={null}]]]>
              </value>
            </param>
          </params>
          <reporter-output>
          </reporter-output>
        </test-method> <!-- getStatusAndDuration -->
        <test-method status="PASS" signature="setUp()[pri:0, instance:generated.GeneratedTests@7823a2f9]" name="setUp" is-config="true" duration-ms="634" started-at="2025-11-26T13:05:43Z" finished-at="2025-11-26T13:05:44Z">
          <reporter-output>
          </reporter-output>
        </test-method> <!-- setUp -->
        <test-method status="PASS" signature="method_BT226_path_100156_163()[pri:52, instance:generated.GeneratedTests@7823a2f9]" name="method_BT226_path_100156_163" duration-ms="13838" started-at="2025-11-26T13:05:44Z" finished-at="2025-11-26T13:05:58Z">
          <reporter-output>
          </reporter-output>
        </test-method> <!-- method_BT226_path_100156_163 -->
        <test-method status="PASS" signature="getStatusAndDuration(org.testng.ITestResult)[pri:0, instance:generated.GeneratedTests@7823a2f9]" name="getStatusAndDuration" is-config="true" duration-ms="0" started-at="2025-11-26T13:05:58Z" finished-at="2025-11-26T13:05:58Z">
          <params>
            <param index="0">
              <value>
                <![CDATA[[TestResult name=method_BT226_path_100156_163 status=SUCCESS method=GeneratedTests.method_BT226_path_100156_163()[pri:52, instance:generated.GeneratedTests@7823a2f9] output={null}]]]>
              </value>
            </param>
          </params>
          <reporter-output>
          </reporter-output>
        </test-method> <!-- getStatusAndDuration -->
        <test-method status="PASS" signature="setUp()[pri:0, instance:generated.GeneratedTests@7823a2f9]" name="setUp" is-config="true" duration-ms="637" started-at="2025-11-26T13:05:58Z" finished-at="2025-11-26T13:05:58Z">
          <reporter-output>
          </reporter-output>
        </test-method> <!-- setUp -->
        <test-method status="PASS" signature="method_BT226_path_100156_164_100165()[pri:53, instance:generated.GeneratedTests@7823a2f9]" name="method_BT226_path_100156_164_100165" duration-ms="20656" started-at="2025-11-26T13:05:58Z" finished-at="2025-11-26T13:06:19Z">
          <reporter-output>
          </reporter-output>
        </test-method> <!-- method_BT226_path_100156_164_100165 -->
        <test-method status="PASS" signature="getStatusAndDuration(org.testng.ITestResult)[pri:0, instance:generated.GeneratedTests@7823a2f9]" name="getStatusAndDuration" is-config="true" duration-ms="0" started-at="2025-11-26T13:06:19Z" finished-at="2025-11-26T13:06:19Z">
          <params>
            <param index="0">
              <value>
                <![CDATA[[TestResult name=method_BT226_path_100156_164_100165 status=SUCCESS method=GeneratedTests.method_BT226_path_100156_164_100165()[pri:53, instance:generated.GeneratedTests@7823a2f9] output={null}]]]>
              </value>
            </param>
          </params>
          <reporter-output>
          </reporter-output>
        </test-method> <!-- getStatusAndDuration -->
        <test-method status="PASS" signature="setUp()[pri:0, instance:generated.GeneratedTests@7823a2f9]" name="setUp" is-config="true" duration-ms="627" started-at="2025-11-26T13:06:19Z" finished-at="2025-11-26T13:06:19Z">
          <reporter-output>
          </reporter-output>
        </test-method> <!-- setUp -->
        <test-method status="PASS" signature="method_BT241_path_100165_173()[pri:54, instance:generated.GeneratedTests@7823a2f9]" name="method_BT241_path_100165_173" duration-ms="17251" started-at="2025-11-26T13:06:19Z" finished-at="2025-11-26T13:06:37Z">
          <reporter-output>
          </reporter-output>
        </test-method> <!-- method_BT241_path_100165_173 -->
        <test-method status="PASS" signature="getStatusAndDuration(org.testng.ITestResult)[pri:0, instance:generated.GeneratedTests@7823a2f9]" name="getStatusAndDuration" is-config="true" duration-ms="1" started-at="2025-11-26T13:06:37Z" finished-at="2025-11-26T13:06:37Z">
          <params>
            <param index="0">
              <value>
                <![CDATA[[TestResult name=method_BT241_path_100165_173 status=SUCCESS method=GeneratedTests.method_BT241_path_100165_173()[pri:54, instance:generated.GeneratedTests@7823a2f9] output={null}]]]>
              </value>
            </param>
          </params>
          <reporter-output>
          </reporter-output>
        </test-method> <!-- getStatusAndDuration -->
        <test-method status="PASS" signature="setUp()[pri:0, instance:generated.GeneratedTests@7823a2f9]" name="setUp" is-config="true" duration-ms="618" started-at="2025-11-26T13:06:37Z" finished-at="2025-11-26T13:06:37Z">
          <reporter-output>
          </reporter-output>
        </test-method> <!-- setUp -->
        <test-method status="PASS" signature="method_BT241_path_100165_174()[pri:55, instance:generated.GeneratedTests@7823a2f9]" name="method_BT241_path_100165_174" duration-ms="14799" started-at="2025-11-26T13:06:37Z" finished-at="2025-11-26T13:06:52Z">
          <reporter-output>
          </reporter-output>
        </test-method> <!-- method_BT241_path_100165_174 -->
        <test-method status="PASS" signature="getStatusAndDuration(org.testng.ITestResult)[pri:0, instance:generated.GeneratedTests@7823a2f9]" name="getStatusAndDuration" is-config="true" duration-ms="0" started-at="2025-11-26T13:06:52Z" finished-at="2025-11-26T13:06:52Z">
          <params>
            <param index="0">
              <value>
                <![CDATA[[TestResult name=method_BT241_path_100165_174 status=SUCCESS method=GeneratedTests.method_BT241_path_100165_174()[pri:55, instance:generated.GeneratedTests@7823a2f9] output={null}]]]>
              </value>
            </param>
          </params>
          <reporter-output>
          </reporter-output>
        </test-method> <!-- getStatusAndDuration -->
        <test-method status="PASS" signature="setUp()[pri:0, instance:generated.GeneratedTests@7823a2f9]" name="setUp" is-config="true" duration-ms="623" started-at="2025-11-26T13:06:52Z" finished-at="2025-11-26T13:06:53Z">
          <reporter-output>
          </reporter-output>
        </test-method> <!-- setUp -->
        <test-method status="PASS" signature="method_BT241_path_100165_175()[pri:56, instance:generated.GeneratedTests@7823a2f9]" name="method_BT241_path_100165_175" duration-ms="16069" started-at="2025-11-26T13:06:53Z" finished-at="2025-11-26T13:07:09Z">
          <reporter-output>
          </reporter-output>
        </test-method> <!-- method_BT241_path_100165_175 -->
[...]
        <test-method status="PASS" signature="setUp()[pri:0, instance:generated.GeneratedTests@7823a2f9]" name="setUp" is-config="true" duration-ms="625" started-at="2025-11-26T13:10:22Z" finished-at="2025-11-26T13:10:22Z">
          <reporter-output>
          </reporter-output>
        </test-method> <!-- setUp -->
        <test-method status="FAIL" signature="method_BT304_path_100165_100200_100261()[pri:106, instance:generated.GeneratedTests@7823a2f9]" name="method_BT304_path_100165_100200_100261" duration-ms="2255" started-at="2025-11-26T13:10:22Z" finished-at="2025-11-26T13:10:25Z">
          <exception class="java.lang.OutOfMemoryError">
            <message>
              <![CDATA[Java heap space]]>
            </message>
            <full-stacktrace>
              <![CDATA[java.lang.OutOfMemoryError: Java heap space
]]>
            </full-stacktrace>
          </exception> <!-- java.lang.OutOfMemoryError -->
          <reporter-output>
          </reporter-output>
        </test-method> <!-- method_BT304_path_100165_100200_100261 -->
        <test-method status="PASS" signature="getStatusAndDuration(org.testng.ITestResult)[pri:0, instance:generated.GeneratedTests@7823a2f9]" name="getStatusAndDuration" is-config="true" duration-ms="1" started-at="2025-11-26T13:10:25Z" finished-at="2025-11-26T13:10:25Z">
          <params>
            <param index="0">
              <value>
                <![CDATA[[TestResult name=method_BT304_path_100165_100200_100261 status=FAILURE method=GeneratedTests.method_BT304_path_100165_100200_100261()[pri:106, instance:generated.GeneratedTests@7823a2f9] output={null}]]]>
              </value>
            </param>
          </params>
          <reporter-output>
          </reporter-output>
        </test-method> <!-- getStatusAndDuration -->
        <test-method status="PASS" signature="setUp()[pri:0, instance:generated.GeneratedTests@7823a2f9]" name="setUp" is-config="true" duration-ms="609" started-at="2025-11-26T13:10:25Z" finished-at="2025-11-26T13:10:25Z">
          <reporter-output>
          </reporter-output>
        </test-method> <!-- setUp -->
        <test-method status="FAIL" signature="method_BT304_path_100165_100200_100262()[pri:107, instance:generated.GeneratedTests@7823a2f9]" name="method_BT304_path_100165_100200_100262" duration-ms="2340" started-at="2025-11-26T13:10:25Z" finished-at="2025-11-26T13:10:28Z">
          <exception class="java.lang.OutOfMemoryError">
            <message>
              <![CDATA[Java heap space]]>
            </message>
            <full-stacktrace>
              <![CDATA[java.lang.OutOfMemoryError: Java heap space
]]>
            </full-stacktrace>
          </exception> <!-- java.lang.OutOfMemoryError -->
          <reporter-output>
          </reporter-output>
        </test-method> <!-- method_BT304_path_100165_100200_100262 -->
        <test-method status="PASS" signature="getStatusAndDuration(org.testng.ITestResult)[pri:0, instance:generated.GeneratedTests@7823a2f9]" name="getStatusAndDuration" is-config="true" duration-ms="1" started-at="2025-11-26T13:10:28Z" finished-at="2025-11-26T13:10:28Z">
          <params>
            <param index="0">
              <value>
                <![CDATA[[TestResult name=method_BT304_path_100165_100200_100262 status=FAILURE method=GeneratedTests.method_BT304_path_100165_100200_100262()[pri:107, instance:generated.GeneratedTests@7823a2f9] output={null}]]]>
              </value>
            </param>
          </params>
          <reporter-output>
          </reporter-output>
        </test-method> <!-- getStatusAndDuration -->
        <test-method status="PASS" signature="setUp()[pri:0, instance:generated.GeneratedTests@7823a2f9]" name="setUp" is-config="true" duration-ms="623" started-at="2025-11-26T13:10:28Z" finished-at="2025-11-26T13:10:28Z">
          <reporter-output>
          </reporter-output>
        </test-method> <!-- setUp -->
        <test-method status="FAIL" signature="method_BT304_path_100165_100200_100263()[pri:108, instance:generated.GeneratedTests@7823a2f9]" name="method_BT304_path_100165_100200_100263" duration-ms="2156" started-at="2025-11-26T13:10:28Z" finished-at="2025-11-26T13:10:30Z">
          <exception class="java.lang.OutOfMemoryError">
            <message>
              <![CDATA[Java heap space]]>
            </message>
            <full-stacktrace>
              <![CDATA[java.lang.OutOfMemoryError: Java heap space
]]>
            </full-stacktrace>
          </exception> <!-- java.lang.OutOfMemoryError -->
          <reporter-output>
          </reporter-output>
        </test-method> <!-- method_BT304_path_100165_100200_100263 -->
        <test-method status="PASS" signature="getStatusAndDuration(org.testng.ITestResult)[pri:0, instance:generated.GeneratedTests@7823a2f9]" name="getStatusAndDuration" is-config="true" duration-ms="3" started-at="2025-11-26T13:10:30Z" finished-at="2025-11-26T13:10:30Z">
          <params>
            <param index="0">
              <value>
                <![CDATA[[TestResult name=method_BT304_path_100165_100200_100263 status=FAILURE method=GeneratedTests.method_BT304_path_100165_100200_100263()[pri:108, instance:generated.GeneratedTests@7823a2f9] output={null}]]]>
              </value>
            </param>
          </params>
          <reporter-output>
          </reporter-output>
        </test-method> <!-- getStatusAndDuration -->
        <test-method status="PASS" signature="setUp()[pri:0, instance:generated.GeneratedTests@7823a2f9]" name="setUp" is-config="true" duration-ms="613" started-at="2025-11-26T13:10:30Z" finished-at="2025-11-26T13:10:31Z">
          <reporter-output>
          </reporter-output>
        </test-method> <!-- setUp -->
        <test-method status="FAIL" signature="method_BT304_path_100165_100200()[pri:109, instance:generated.GeneratedTests@7823a2f9]" name="method_BT304_path_100165_100200" duration-ms="2139" started-at="2025-11-26T13:10:31Z" finished-at="2025-11-26T13:10:33Z">
          <exception class="java.lang.OutOfMemoryError">
            <message>
              <![CDATA[Java heap space]]>
            </message>
            <full-stacktrace>
              <![CDATA[java.lang.OutOfMemoryError: Java heap space
]]>
            </full-stacktrace>
          </exception> <!-- java.lang.OutOfMemoryError -->
          <reporter-output>
          </reporter-output>
        </test-method> <!-- method_BT304_path_100165_100200 -->
        <test-method status="PASS" signature="getStatusAndDuration(org.testng.ITestResult)[pri:0, instance:generated.GeneratedTests@7823a2f9]" name="getStatusAndDuration" is-config="true" duration-ms="2" started-at="2025-11-26T13:10:33Z" finished-at="2025-11-26T13:10:33Z">
          <params>
            <param index="0">
              <value>
                <![CDATA[[TestResult name=method_BT304_path_100165_100200 status=FAILURE method=GeneratedTests.method_BT304_path_100165_100200()[pri:109, instance:generated.GeneratedTests@7823a2f9] output={null}]]]>
              </value>
            </param>
          </params>
          <reporter-output>
          </reporter-output>
        </test-method> <!-- getStatusAndDuration -->
        <test-method status="PASS" signature="setUp()[pri:0, instance:generated.GeneratedTests@7823a2f9]" name="setUp" is-config="true" duration-ms="680" started-at="2025-11-26T13:10:33Z" finished-at="2025-11-26T13:10:34Z">
          <reporter-output>
          </reporter-output>
        </test-method> <!-- setUp -->
        <test-method status="FAIL" signature="method_BT200_path_100264()[pri:110, instance:generated.GeneratedTests@7823a2f9]" name="method_BT200_path_100264" duration-ms="2100" started-at="2025-11-26T13:10:34Z" finished-at="2025-11-26T13:10:36Z">
          <exception class="java.lang.OutOfMemoryError">
            <message>
              <![CDATA[Java heap space]]>
            </message>
            <full-stacktrace>
              <![CDATA[java.lang.OutOfMemoryError: Java heap space
]]>
            </full-stacktrace>
          </exception> <!-- java.lang.OutOfMemoryError -->
          <reporter-output>
          </reporter-output>
        </test-method> <!-- method_BT200_path_100264 -->
        <test-method status="PASS" signature="getStatusAndDuration(org.testng.ITestResult)[pri:0, instance:generated.GeneratedTests@7823a2f9]" name="getStatusAndDuration" is-config="true" duration-ms="0" started-at="2025-11-26T13:10:36Z" finished-at="2025-11-26T13:10:36Z">
          <params>
            <param index="0">
              <value>
                <![CDATA[[TestResult name=method_BT200_path_100264 status=FAILURE method=GeneratedTests.method_BT200_path_100264()[pri:110, instance:generated.GeneratedTests@7823a2f9] output={null}]]]>
              </value>
            </param>
          </params>
          <reporter-output>
          </reporter-output>
        </test-method> <!-- getStatusAndDuration -->
        <test-method status="PASS" signature="setUp()[pri:0, instance:generated.GeneratedTests@7823a2f9]" name="setUp" is-config="true" duration-ms="600" started-at="2025-11-26T13:10:36Z" finished-at="2025-11-26T13:10:37Z">
          <reporter-output>
          </reporter-output>
        </test-method> <!-- setUp -->
        <test-method status="FAIL" signature="method_BT200_path_100265()[pri:111, instance:generated.GeneratedTests@7823a2f9]" name="method_BT200_path_100265" duration-ms="2112" started-at="2025-11-26T13:10:37Z" finished-at="2025-11-26T13:10:39Z">
          <exception class="java.lang.OutOfMemoryError">
            <message>
              <![CDATA[Java heap space]]>
            </message>
            <full-stacktrace>
              <![CDATA[java.lang.OutOfMemoryError: Java heap space
]]>
            </full-stacktrace>
          </exception> <!-- java.lang.OutOfMemoryError -->
          <reporter-output>
          </reporter-output>
        </test-method> <!-- method_BT200_path_100265 -->
        <test-method status="PASS" signature="setUp()[pri:0, instance:generated.GeneratedTests@7823a2f9]" name="setUp" is-config="true" duration-ms="634" started-at="2025-11-26T13:10:39Z" finished-at="2025-11-26T13:10:39Z">
          <reporter-output>
          </reporter-output>
        </test-method> <!-- setUp -->
        <test-method status="PASS" signature="getStatusAndDuration(org.testng.ITestResult)[pri:0, instance:generated.GeneratedTests@7823a2f9]" name="getStatusAndDuration" is-config="true" duration-ms="0" started-at="2025-11-26T13:10:39Z" finished-at="2025-11-26T13:10:39Z">
          <params>
            <param index="0">
              <value>
                <![CDATA[[TestResult name=method_BT200_path_100265 status=FAILURE method=GeneratedTests.method_BT200_path_100265()[pri:111, instance:generated.GeneratedTests@7823a2f9] output={null}]]]>
              </value>
            </param>
          </params>
          <reporter-output>
          </reporter-output>
        </test-method> <!-- getStatusAndDuration -->
        <test-method status="FAIL" signature="method_BT200_path_100266()[pri:112, instance:generated.GeneratedTests@7823a2f9]" name="method_BT200_path_100266" duration-ms="2353" started-at="2025-11-26T13:10:39Z" finished-at="2025-11-26T13:10:42Z">
          <exception class="java.lang.OutOfMemoryError">
            <message>
              <![CDATA[Java heap space]]>
            </message>
            <full-stacktrace>
              <![CDATA[java.lang.OutOfMemoryError: Java heap space
]]>
            </full-stacktrace>
          </exception> <!-- java.lang.OutOfMemoryError -->
          <reporter-output>
          </reporter-output>
        </test-method> <!-- method_BT200_path_100266 -->
        <test-method status="PASS" signature="getStatusAndDuration(org.testng.ITestResult)[pri:0, instance:generated.GeneratedTests@7823a2f9]" name="getStatusAndDuration" is-config="true" duration-ms="1" started-at="2025-11-26T13:10:42Z" finished-at="2025-11-26T13:10:42Z">
          <params>
            <param index="0">
              <value>
                <![CDATA[[TestResult name=method_BT200_path_100266 status=FAILURE method=GeneratedTests.method_BT200_path_100266()[pri:112, instance:generated.GeneratedTests@7823a2f9] output={null}]]]>
              </value>
            </param>
          </params>
          <reporter-output>
          </reporter-output>
        </test-method> <!-- getStatusAndDuration -->
        <test-method status="PASS" signature="setUp()[pri:0, instance:generated.GeneratedTests@7823a2f9]" name="setUp" is-config="true" duration-ms="629" started-at="2025-11-26T13:10:42Z" finished-at="2025-11-26T13:10:42Z">
          <reporter-output>
          </reporter-output>
        </test-method> <!-- setUp -->
        <test-method status="FAIL" signature="method_BT211_path_144_148_100274()[pri:113, instance:generated.GeneratedTests@7823a2f9]" name="method_BT211_path_144_148_100274" duration-ms="2968" started-at="2025-11-26T13:10:42Z" finished-at="2025-11-26T13:10:45Z">
          <exception class="java.lang.OutOfMemoryError">
            <message>
              <![CDATA[Java heap space]]>
            </message>
            <full-stacktrace>
              <![CDATA[java.lang.OutOfMemoryError: Java heap space
]]>
            </full-stacktrace>
          </exception> <!-- java.lang.OutOfMemoryError -->
          <reporter-output>
          </reporter-output>
        </test-method> <!-- method_BT211_path_144_148_100274 -->
        <test-method status="PASS" signature="getStatusAndDuration(org.testng.ITestResult)[pri:0, instance:generated.GeneratedTests@7823a2f9]" name="getStatusAndDuration" is-config="true" duration-ms="5" started-at="2025-11-26T13:10:45Z" finished-at="2025-11-26T13:10:45Z">
          <params>
            <param index="0">
              <value>
                <![CDATA[[TestResult name=method_BT211_path_144_148_100274 status=FAILURE method=GeneratedTests.method_BT211_path_144_148_100274()[pri:113, instance:generated.GeneratedTests@7823a2f9] output={null}]]]>
              </value>
            </param>
          </params>
          <reporter-output>
          </reporter-output>
        </test-method> <!-- getStatusAndDuration -->
        <test-method status="PASS" signature="setUp()[pri:0, instance:generated.GeneratedTests@7823a2f9]" name="setUp" is-config="true" duration-ms="679" started-at="2025-11-26T13:10:45Z" finished-at="2025-11-26T13:10:46Z">
          <reporter-output>
          </reporter-output>
        </test-method> <!-- setUp -->
        <test-method status="FAIL" signature="method_BT211_path_144_148()[pri:114, instance:generated.GeneratedTests@7823a2f9]" name="method_BT211_path_144_148" duration-ms="2301" started-at="2025-11-26T13:10:46Z" finished-at="2025-11-26T13:10:48Z">
          <exception class="java.lang.OutOfMemoryError">
            <message>
              <![CDATA[Java heap space]]>
            </message>
            <full-stacktrace>
              <![CDATA[java.lang.OutOfMemoryError: Java heap space
]]>
            </full-stacktrace>
          </exception> <!-- java.lang.OutOfMemoryError -->
          <reporter-output>
          </reporter-output>
        </test-method> <!-- method_BT211_path_144_148 -->
        <test-method status="PASS" signature="getStatusAndDuration(org.testng.ITestResult)[pri:0, instance:generated.GeneratedTests@7823a2f9]" name="getStatusAndDuration" is-config="true" duration-ms="1" started-at="2025-11-26T13:10:48Z" finished-at="2025-11-26T13:10:48Z">
          <params>
            <param index="0">
              <value>
                <![CDATA[[TestResult name=method_BT211_path_144_148 status=FAILURE method=GeneratedTests.method_BT211_path_144_148()[pri:114, instance:generated.GeneratedTests@7823a2f9] output={null}]]]>
              </value>
            </param>
          </params>
          <reporter-output>
          </reporter-output>
        </test-method> <!-- getStatusAndDuration -->
        <test-method status="PASS" signature="setUp()[pri:0, instance:generated.GeneratedTests@7823a2f9]" name="setUp" is-config="true" duration-ms="611" started-at="2025-11-26T13:10:48Z" finished-at="2025-11-26T13:10:49Z">
          <reporter-output>
          </reporter-output>
        </test-method> <!-- setUp -->
        <test-method status="FAIL" signature="method_BT205_path_144_dup0()[pri:115, instance:generated.GeneratedTests@7823a2f9]" name="method_BT205_path_144_dup0" duration-ms="2471" started-at="2025-11-26T13:10:49Z" finished-at="2025-11-26T13:10:51Z">
          <exception class="java.lang.OutOfMemoryError">
            <message>
              <![CDATA[Java heap space]]>
            </message>
            <full-stacktrace>
              <![CDATA[java.lang.OutOfMemoryError: Java heap space
]]>
            </full-stacktrace>
          </exception> <!-- java.lang.OutOfMemoryError -->
          <reporter-output>
          </reporter-output>
        </test-method> <!-- method_BT205_path_144_dup0 -->
        <test-method status="PASS" signature="getStatusAndDuration(org.testng.ITestResult)[pri:0, instance:generated.GeneratedTests@7823a2f9]" name="getStatusAndDuration" is-config="true" duration-ms="0" started-at="2025-11-26T13:10:51Z" finished-at="2025-11-26T13:10:51Z">
          <params>
            <param index="0">
              <value>
                <![CDATA[[TestResult name=method_BT205_path_144_dup0 status=FAILURE method=GeneratedTests.method_BT205_path_144_dup0()[pri:115, instance:generated.GeneratedTests@7823a2f9] output={null}]]]>
              </value>
            </param>
          </params>
          <reporter-output>
          </reporter-output>
        </test-method> <!-- getStatusAndDuration -->
        <test-method status="PASS" signature="setUp()[pri:0, instance:generated.GeneratedTests@7823a2f9]" name="setUp" is-config="true" duration-ms="619" started-at="2025-11-26T13:10:51Z" finished-at="2025-11-26T13:10:52Z">
          <reporter-output>
          </reporter-output>
        </test-method> <!-- setUp -->
        <test-method status="FAIL" signature="method_BT499_path_100165_100200_100254()[pri:116, instance:generated.GeneratedTests@7823a2f9]" name="method_BT499_path_100165_100200_100254" duration-ms="2548" started-at="2025-11-26T13:10:52Z" finished-at="2025-11-26T13:10:54Z">
          <exception class="java.lang.OutOfMemoryError">
            <message>
              <![CDATA[Java heap space]]>
            </message>
            <full-stacktrace>
              <![CDATA[java.lang.OutOfMemoryError: Java heap space
]]>
            </full-stacktrace>
          </exception> <!-- java.lang.OutOfMemoryError -->
          <reporter-output>
          </reporter-output>
        </test-method> <!-- method_BT499_path_100165_100200_100254 -->
        <test-method status="PASS" signature="getStatusAndDuration(org.testng.ITestResult)[pri:0, instance:generated.GeneratedTests@7823a2f9]" name="getStatusAndDuration" is-config="true" duration-ms="0" started-at="2025-11-26T13:10:54Z" finished-at="2025-11-26T13:10:54Z">
          <params>
            <param index="0">
              <value>
                <![CDATA[[TestResult name=method_BT499_path_100165_100200_100254 status=FAILURE method=GeneratedTests.method_BT499_path_100165_100200_100254()[pri:116, instance:generated.GeneratedTests@7823a2f9] output={null}]]]>
              </value>
            </param>
          </params>
          <reporter-output>
          </reporter-output>
        </test-method> <!-- getStatusAndDuration -->
        <test-method status="PASS" signature="oneTimeTearDown()[pri:0, instance:generated.GeneratedTests@7823a2f9]" name="oneTimeTearDown" is-config="true" duration-ms="2221" started-at="2025-11-26T13:10:54Z" finished-at="2025-11-26T13:10:57Z">
          <reporter-output>
          </reporter-output>
        </test-method> <!-- oneTimeTearDown -->
      </class> <!-- generated.GeneratedTests -->
    </test> <!-- test -->
  </suite> <!-- test Suite -->
</testng-results>
