<?xml version="1.0" encoding="UTF-8"?>
<!-- Generated by org.testng.reporters.JUnitXMLReporter -->
<testsuite hostname="fraggen-vm" ignored="0" name="test" tests="116" failures="58" timestamp="26 Nov 2025 13:10:57 GMT" time="1376.083" errors="0">
  <testcase name="method_0" time="5.688" classname="generated.GeneratedTests"/>
  <testcase name="method_BT0_path_2_3_4_5_6_7" time="55.607" classname="generated.GeneratedTests"/>
  <testcase name="method_BT5_path_4_10_11" time="20.106" classname="generated.GeneratedTests"/>
  <testcase name="method_BT6_path_4_5_12" time="15.577" classname="generated.GeneratedTests"/>
  <testcase name="method_BT6_path_4_5_14" time="8.514" classname="generated.GeneratedTests"/>
  <testcase name="method_BT11_path_4_10" time="5.246" classname="generated.GeneratedTests"/>
  <testcase name="method_BT0_path_16_17" time="11.929" classname="generated.GeneratedTests"/>
  <testcase name="method_BT25_path_16_21_22_23_24_25" time="41.505" classname="generated.GeneratedTests"/>
  <testcase name="method_BT25_path_40" time="7.743" classname="generated.GeneratedTests"/>
  <testcase name="method_BT25_path_41_44_46_47_49_50_52_53_55_56" time="46.195" classname="generated.GeneratedTests"/>
  <testcase name="method_BT25_path_57_59_60_61_62_63_64_65" time="36.804" classname="generated.GeneratedTests"/>
  <testcase name="method_BT25_path_66_68_69_70_71_72" time="28.817" classname="generated.GeneratedTests"/>
  <testcase name="method_BT25_path_73_75_76_77" time="21.321" classname="generated.GeneratedTests"/>
  <testcase name="method_BT31_path_21_79" time="23.671" classname="generated.GeneratedTests"/>
  <testcase name="method_BT25_path_80_82" time="11.402" classname="generated.GeneratedTests"/>
  <testcase name="method_BT31_path_21_83_85" time="24.16" classname="generated.GeneratedTests"/>
  <testcase name="method_BT32_path_90" time="9.046" classname="generated.GeneratedTests"/>
  <testcase name="method_BT90_path_91_93" time="12.081" classname="generated.GeneratedTests"/>
  <testcase name="method_BT44_path_100096_98" time="13.579" classname="generated.GeneratedTests"/>
  <testcase name="method_BT90_path_100099" time="6.562" classname="generated.GeneratedTests"/>
  <testcase name="method_BT25_failed_path_1000011" time="6.403" classname="generated.GeneratedTests"/>
  <testcase name="method_BT32_path_100096_100_102" time="17.215" classname="generated.GeneratedTests"/>
  <testcase name="method_BT32_path_100096_103_105_106_108" time="22.86" classname="generated.GeneratedTests"/>
  <testcase name="method_BT33_failed_path_100096_1000015" time="9.852" classname="generated.GeneratedTests"/>
  <testcase name="method_BT125_path_100096_1000015_110_112" time="20.271" classname="generated.GeneratedTests"/>
  <testcase name="method_BT125_path_100096_1000015_113_115" time="32.199" classname="generated.GeneratedTests"/>
  <testcase name="method_BT125_path_100096_1000015_117" time="15.424" classname="generated.GeneratedTests"/>
  <testcase name="method_BT135_path_100096_1000015_113_118_120" time="31.574" classname="generated.GeneratedTests"/>
  <testcase name="method_BT135_path_100096_1000015_113_121_122" time="33.484" classname="generated.GeneratedTests"/>
  <testcase name="method_BT135_path_100096_1000015_113_123_125" time="31.354" classname="generated.GeneratedTests"/>
  <testcase name="method_BT130_failed_path_21_22_1000033" time="21.685" classname="generated.GeneratedTests"/>
  <testcase name="method_BT33_path_21_22_1000033_127" time="30.957" classname="generated.GeneratedTests"/>
  <testcase name="method_BT88_path_21_83_128" time="24.2" classname="generated.GeneratedTests"/>
  <testcase name="method_BT115_path_100096_100_129" time="13.346" classname="generated.GeneratedTests"/>
  <testcase name="method_BT119_path_131" time="8.086" classname="generated.GeneratedTests"/>
  <testcase name="method_BT179_path_132" time="3.516" classname="generated.GeneratedTests"/>
  <testcase name="method_BT121_path_100137" time="8.803" classname="generated.GeneratedTests"/>
  <testcase name="method_BT179_path_100138" time="6.987" classname="generated.GeneratedTests"/>
  <testcase name="method_BT130_path_100138_110_139" time="17.739" classname="generated.GeneratedTests"/>
  <testcase name="method_BT88_path_100137_83_140" time="30.4" classname="generated.GeneratedTests"/>
  <testcase name="method_BT130_path_142" time="11.149" classname="generated.GeneratedTests"/>
  <testcase name="method_BT200_path_143" time="7.455" classname="generated.GeneratedTests"/>
  <testcase name="method_BT200_path_144_146" time="14.529" classname="generated.GeneratedTests"/>
  <testcase name="method_BT205_path_144_148_149" time="17.03" classname="generated.GeneratedTests"/>
  <testcase name="method_BT205_path_144_150" time="12.02" classname="generated.GeneratedTests"/>
  <testcase name="method_BT205_path_144" time="7.981" classname="generated.GeneratedTests"/>
  <testcase name="method_BT200_path_100153" time="6.946" classname="generated.GeneratedTests"/>
  <testcase name="method_BT200_path_100154_155" time="14.121" classname="generated.GeneratedTests"/>
  <testcase name="method_BT200_path_100156_158" time="15.631" classname="generated.GeneratedTests"/>
  <testcase name="method_BT226_path_100156_159" time="12.719" classname="generated.GeneratedTests"/>
  <testcase name="method_BT226_path_100156_160_162" time="18.984" classname="generated.GeneratedTests"/>
  <testcase name="method_BT226_path_100156_163" time="13.838" classname="generated.GeneratedTests"/>
  <testcase name="method_BT226_path_100156_164_100165" time="20.656" classname="generated.GeneratedTests"/>
  <testcase name="method_BT241_path_100165_173" time="17.251" classname="generated.GeneratedTests"/>
  <testcase name="method_BT241_path_100165_174" time="14.799" classname="generated.GeneratedTests"/>
  <testcase name="method_BT241_path_100165_175" time="16.069" classname="generated.GeneratedTests"/>
  <testcase name="method_BT241_path_100165_176" time="17.732" classname="generated.GeneratedTests"/>
  <testcase name="method_BT241_path_100165_100177" time="18.919" classname="generated.GeneratedTests"/>
  <testcase name="method_BT241_path_100165_100179_181" time="22.681" classname="generated.GeneratedTests">
    <failure type="java.lang.OutOfMemoryError" message="Java heap space">
      <![CDATA[java.lang.OutOfMemoryError: Java heap space
at java.awt.image.DataBufferInt.<init>(DataBufferInt.java:75)
at java.awt.image.Raster.createPackedRaster(Raster.java:467)
at java.awt.image.DirectColorModel.createCompatibleWritableRaster(DirectColorModel.java:1032)
at java.awt.image.BufferedImage.<init>(BufferedImage.java:333)
at sun.java2d.loops.GraphicsPrimitive.convertFrom(GraphicsPrimitive.java:557)
at sun.java2d.loops.GraphicsPrimitive.convertFrom(GraphicsPrimitive.java:541)
at sun.java2d.loops.MaskBlit$General.MaskBlit(MaskBlit.java:189)
at sun.java2d.loops.Blit$GeneralMaskBlit.Blit(Blit.java:204)
at sun.java2d.pipe.DrawImage.blitSurfaceData(DrawImage.java:959)
at sun.java2d.pipe.DrawImage.renderImageCopy(DrawImage.java:577)
at sun.java2d.pipe.DrawImage.copyImage(DrawImage.java:67)
at sun.java2d.pipe.DrawImage.copyImage(DrawImage.java:1014)
at sun.java2d.pipe.ValidatePipe.copyImage(ValidatePipe.java:186)
at sun.java2d.SunGraphics2D.drawImage(SunGraphics2D.java:3318)
at sun.java2d.SunGraphics2D.drawImage(SunGraphics2D.java:3296)
at ru.yandex.qatools.ashot.shooting.ViewportPastingDecorator.getScreenshot(ViewportPastingDecorator.java:54)
at ru.yandex.qatools.ashot.shooting.ViewportPastingDecorator.getScreenshot(ViewportPastingDecorator.java:35)
at com.crawljax.browser.WebDriverBackedEmbeddedBrowser.getScreenShotAsBufferedImage(WebDriverBackedEmbeddedBrowser.java:928)
at com.crawljax.fragmentation.FragmentationPlugin.fragmentState(FragmentationPlugin.java:94)
at com.crawljax.plugins.testcasegenerator.TestSuiteHelper.getHybridStateVertex(TestSuiteHelper.java:1351)
at com.crawljax.plugins.testcasegenerator.TestSuiteHelper.fragDiffBool(TestSuiteHelper.java:1370)
at generated.GeneratedTests.method_BT241_path_100165_100179_181(GeneratedTests.java:6555)
... Removed 10 stack frames]]>
    </failure>
  </testcase> <!-- method_BT241_path_100165_100179_181 -->
  <testcase name="method_BT260_path_100165_100179_183" time="2.463" classname="generated.GeneratedTests">
    <failure type="java.lang.OutOfMemoryError" message="Java heap space">
      <![CDATA[java.lang.OutOfMemoryError: Java heap space
at java.awt.image.DataBufferInt.<init>(DataBufferInt.java:75)
at java.awt.image.Raster.createPackedRaster(Raster.java:467)
at java.awt.image.DirectColorModel.createCompatibleWritableRaster(DirectColorModel.java:1032)
at java.awt.image.BufferedImage.<init>(BufferedImage.java:333)
at sun.java2d.loops.GraphicsPrimitive.convertFrom(GraphicsPrimitive.java:557)
at sun.java2d.loops.GraphicsPrimitive.convertFrom(GraphicsPrimitive.java:541)
at sun.java2d.loops.MaskBlit$General.MaskBlit(MaskBlit.java:189)
at sun.java2d.loops.Blit$GeneralMaskBlit.Blit(Blit.java:204)
at sun.java2d.pipe.DrawImage.blitSurfaceData(DrawImage.java:959)
at sun.java2d.pipe.DrawImage.renderImageCopy(DrawImage.java:577)
at sun.java2d.pipe.DrawImage.copyImage(DrawImage.java:67)
at sun.java2d.pipe.DrawImage.copyImage(DrawImage.java:1014)
at sun.java2d.pipe.ValidatePipe.copyImage(ValidatePipe.java:186)
at sun.java2d.SunGraphics2D.drawImage(SunGraphics2D.java:3318)
at sun.java2d.SunGraphics2D.drawImage(SunGraphics2D.java:3296)
at ru.yandex.qatools.ashot.shooting.ViewportPastingDecorator.getScreenshot(ViewportPastingDecorator.java:54)
at ru.yandex.qatools.ashot.shooting.ViewportPastingDecorator.getScreenshot(ViewportPastingDecorator.java:35)
at com.crawljax.browser.WebDriverBackedEmbeddedBrowser.getScreenShotAsBufferedImage(WebDriverBackedEmbeddedBrowser.java:928)
at com.crawljax.fragmentation.FragmentationPlugin.fragmentState(FragmentationPlugin.java:94)
at com.crawljax.plugins.testcasegenerator.TestSuiteHelper.getHybridStateVertex(TestSuiteHelper.java:1351)
at com.crawljax.plugins.testcasegenerator.TestSuiteHelper.fragDiffBool(TestSuiteHelper.java:1370)
at generated.GeneratedTests.method_BT260_path_100165_100179_183(GeneratedTests.java:6615)
... Removed 10 stack frames]]>
    </failure>
  </testcase> <!-- method_BT260_path_100165_100179_183 -->
  <testcase name="method_BT260_path_100165_100179_184" time="2.737" classname="generated.GeneratedTests">
    <failure type="java.lang.OutOfMemoryError" message="Java heap space">
      <![CDATA[java.lang.OutOfMemoryError: Java heap space
]]>
    </failure>
  </testcase> <!-- method_BT260_path_100165_100179_184 -->
  <testcase name="method_BT260_path_100165_100179_185" time="1.999" classname="generated.GeneratedTests">
    <failure type="java.lang.OutOfMemoryError" message="Java heap space">
      <![CDATA[java.lang.OutOfMemoryError: Java heap space
]]>
    </failure>
  </testcase> <!-- method_BT260_path_100165_100179_185 -->
  <testcase name="method_BT260_path_100165_100179_100186" time="2.111" classname="generated.GeneratedTests">
    <failure type="java.lang.OutOfMemoryError" message="Java heap space">
      <![CDATA[java.lang.OutOfMemoryError: Java heap space
]]>
    </failure>
  </testcase> <!-- method_BT260_path_100165_100179_100186 -->
  <testcase name="method_BT277_path_100165_100179_100186_194" time="1.862" classname="generated.GeneratedTests">
    <failure type="java.lang.OutOfMemoryError" message="Java heap space">
      <![CDATA[java.lang.OutOfMemoryError: Java heap space
]]>
    </failure>
  </testcase> <!-- method_BT277_path_100165_100179_100186_194 -->
  <testcase name="method_BT277_path_100165_100179_100186_195" time="2.926" classname="generated.GeneratedTests">
    <failure type="java.lang.OutOfMemoryError" message="Java heap space">
      <![CDATA[java.lang.OutOfMemoryError: Java heap space
]]>
    </failure>
  </testcase> <!-- method_BT277_path_100165_100179_100186_195 -->
  <testcase name="method_BT277_path_100165_100179_100186_196" time="2.919" classname="generated.GeneratedTests">
    <failure type="java.lang.OutOfMemoryError" message="Java heap space">
      <![CDATA[java.lang.OutOfMemoryError: Java heap space
]]>
    </failure>
  </testcase> <!-- method_BT277_path_100165_100179_100186_196 -->
  <testcase name="method_BT277_path_100165_100179_100186_197" time="2.136" classname="generated.GeneratedTests">
    <failure type="java.lang.OutOfMemoryError" message="Java heap space">
      <![CDATA[java.lang.OutOfMemoryError: Java heap space
]]>
    </failure>
  </testcase> <!-- method_BT277_path_100165_100179_100186_197 -->
  <testcase name="method_BT277_path_100165_100179_100186_100199_100200_208" time="1.844" classname="generated.GeneratedTests">
    <failure type="java.lang.OutOfMemoryError" message="Java heap space">
      <![CDATA[java.lang.OutOfMemoryError: Java heap space
]]>
    </failure>
  </testcase> <!-- method_BT277_path_100165_100179_100186_100199_100200_208 -->
  <testcase name="method_BT304_path_100165_100200_209" time="2.117" classname="generated.GeneratedTests">
    <failure type="java.lang.OutOfMemoryError" message="Java heap space">
      <![CDATA[java.lang.OutOfMemoryError: Java heap space
]]>
    </failure>
  </testcase> <!-- method_BT304_path_100165_100200_209 -->
  <testcase name="method_BT277_path_100165_100179_100186_100210" time="2.124" classname="generated.GeneratedTests">
    <failure type="java.lang.OutOfMemoryError" message="Java heap space">
      <![CDATA[java.lang.OutOfMemoryError: Java heap space
]]>
    </failure>
  </testcase> <!-- method_BT277_path_100165_100179_100186_100210 -->
  <testcase name="method_BT314_path_100165_100179_100186_100210" time="2.192" classname="generated.GeneratedTests">
    <failure type="java.lang.OutOfMemoryError" message="Java heap space">
      <![CDATA[java.lang.OutOfMemoryError: Java heap space
]]>
    </failure>
  </testcase> <!-- method_BT314_path_100165_100179_100186_100210 -->
  <testcase name="method_BT314_path_100165_100179_100186_100210_218" time="2.268" classname="generated.GeneratedTests">
    <failure type="java.lang.OutOfMemoryError" message="Java heap space">
      <![CDATA[java.lang.OutOfMemoryError: Java heap space
]]>
    </failure>
  </testcase> <!-- method_BT314_path_100165_100179_100186_100210_218 -->
  <testcase name="method_BT314_path_100165_100179_100186_100210_219" time="1.929" classname="generated.GeneratedTests">
    <failure type="java.lang.OutOfMemoryError" message="Java heap space">
      <![CDATA[java.lang.OutOfMemoryError: Java heap space
]]>
    </failure>
  </testcase> <!-- method_BT314_path_100165_100179_100186_100210_219 -->
  <testcase name="method_BT314_path_100165_100179_100186_100210_220" time="1.936" classname="generated.GeneratedTests">
    <failure type="java.lang.OutOfMemoryError" message="Java heap space">
      <![CDATA[java.lang.OutOfMemoryError: Java heap space
]]>
    </failure>
  </testcase> <!-- method_BT314_path_100165_100179_100186_100210_220 -->
  <testcase name="method_BT314_path_100165_100179_100186_100210_221" time="2.185" classname="generated.GeneratedTests">
    <failure type="java.lang.OutOfMemoryError" message="Java heap space">
      <![CDATA[java.lang.OutOfMemoryError: Java heap space
]]>
    </failure>
  </testcase> <!-- method_BT314_path_100165_100179_100186_100210_221 -->
  <testcase name="method_BT314_path_100165_100179_100186_100210_100222" time="2.357" classname="generated.GeneratedTests">
    <failure type="java.lang.OutOfMemoryError" message="Java heap space">
      <![CDATA[java.lang.OutOfMemoryError: Java heap space
]]>
    </failure>
  </testcase> <!-- method_BT314_path_100165_100179_100186_100210_100222 -->
  <testcase name="method_BT314_path_100165_100179_100186_100210_100224_225" time="2.455" classname="generated.GeneratedTests">
    <failure type="java.lang.OutOfMemoryError" message="Java heap space">
      <![CDATA[java.lang.OutOfMemoryError: Java heap space
]]>
    </failure>
  </testcase> <!-- method_BT314_path_100165_100179_100186_100210_100224_225 -->
  <testcase name="method_BT314_path_100165_100179_100186_100210_100226" time="2.027" classname="generated.GeneratedTests">
    <failure type="java.lang.OutOfMemoryError" message="Java heap space">
      <![CDATA[java.lang.OutOfMemoryError: Java heap space
]]>
    </failure>
  </testcase> <!-- method_BT314_path_100165_100179_100186_100210_100226 -->
  <testcase name="method_BT363_path_100165_100179_100186_100210_100226" time="1.978" classname="generated.GeneratedTests">
    <failure type="java.lang.OutOfMemoryError" message="Java heap space">
      <![CDATA[java.lang.OutOfMemoryError: Java heap space
]]>
    </failure>
  </testcase> <!-- method_BT363_path_100165_100179_100186_100210_100226 -->
  <testcase name="method_BT363_path_100165_100179_100186_100210_100226_234" time="2.25" classname="generated.GeneratedTests">
    <failure type="java.lang.OutOfMemoryError" message="Java heap space">
      <![CDATA[java.lang.OutOfMemoryError: Java heap space
]]>
    </failure>
  </testcase> <!-- method_BT363_path_100165_100179_100186_100210_100226_234 -->
  <testcase name="method_BT363_path_100165_100179_100186_100210_100226_235" time="2.097" classname="generated.GeneratedTests">
    <failure type="java.lang.OutOfMemoryError" message="Java heap space">
      <![CDATA[java.lang.OutOfMemoryError: Java heap space
]]>
    </failure>
  </testcase> <!-- method_BT363_path_100165_100179_100186_100210_100226_235 -->
  <testcase name="method_BT363_path_100165_100179_100186_100210_100226_236" time="1.903" classname="generated.GeneratedTests">
    <failure type="java.lang.OutOfMemoryError" message="Java heap space">
      <![CDATA[java.lang.OutOfMemoryError: Java heap space
]]>
    </failure>
  </testcase> <!-- method_BT363_path_100165_100179_100186_100210_100226_236 -->
  <testcase name="method_BT363_path_100165_100179_100186_100210_100226_237" time="2.495" classname="generated.GeneratedTests">
    <failure type="java.lang.OutOfMemoryError" message="Java heap space">
      <![CDATA[java.lang.OutOfMemoryError: Java heap space
]]>
    </failure>
  </testcase> <!-- method_BT363_path_100165_100179_100186_100210_100226_237 -->
  <testcase name="method_BT363_path_100165_100179_100186_100210_100226_100238" time="1.996" classname="generated.GeneratedTests">
    <failure type="java.lang.OutOfMemoryError" message="Java heap space">
      <![CDATA[java.lang.OutOfMemoryError: Java heap space
]]>
    </failure>
  </testcase> <!-- method_BT363_path_100165_100179_100186_100210_100226_100238 -->
  <testcase name="method_BT363_path_100165_100179_100186_100210_100226_100239" time="1.893" classname="generated.GeneratedTests">
    <failure type="java.lang.OutOfMemoryError" message="Java heap space">
      <![CDATA[java.lang.OutOfMemoryError: Java heap space
]]>
    </failure>
  </testcase> <!-- method_BT363_path_100165_100179_100186_100210_100226_100239 -->
  <testcase name="method_BT363_path_100165_100179_100186_100210_100226_100240" time="2.001" classname="generated.GeneratedTests">
    <failure type="java.lang.OutOfMemoryError" message="Java heap space">
      <![CDATA[java.lang.OutOfMemoryError: Java heap space
]]>
    </failure>
  </testcase> <!-- method_BT363_path_100165_100179_100186_100210_100226_100240 -->
  <testcase name="method_BT363_path_100165_100179_100186_100210_100226_100241_243" time="1.988" classname="generated.GeneratedTests">
    <failure type="java.lang.OutOfMemoryError" message="Java heap space">
      <![CDATA[java.lang.OutOfMemoryError: Java heap space
]]>
    </failure>
  </testcase> <!-- method_BT363_path_100165_100179_100186_100210_100226_100241_243 -->
  <testcase name="method_BT425_path_100165_100179_100186_100210_100226_100241_244" time="2.047" classname="generated.GeneratedTests">
    <failure type="java.lang.OutOfMemoryError" message="Java heap space">
      <![CDATA[java.lang.OutOfMemoryError: Java heap space
]]>
    </failure>
  </testcase> <!-- method_BT425_path_100165_100179_100186_100210_100226_100241_244 -->
  <testcase name="method_BT425_path_100165_100179_100186_100210_100226_100241_245" time="2.29" classname="generated.GeneratedTests">
    <failure type="java.lang.OutOfMemoryError" message="Java heap space">
      <![CDATA[java.lang.OutOfMemoryError: Java heap space
]]>
    </failure>
  </testcase> <!-- method_BT425_path_100165_100179_100186_100210_100226_100241_245 -->
  <testcase name="method_BT363_path_100165_100179_100186_100210_100226_dup0" time="2.06" classname="generated.GeneratedTests">
    <failure type="java.lang.OutOfMemoryError" message="Java heap space">
      <![CDATA[java.lang.OutOfMemoryError: Java heap space
]]>
    </failure>
  </testcase> <!-- method_BT363_path_100165_100179_100186_100210_100226_dup0 -->
  <testcase name="method_BT425_path_100165_100179_100186_100210_100226_100241_247" time="2.065" classname="generated.GeneratedTests">
    <failure type="java.lang.OutOfMemoryError" message="Java heap space">
      <![CDATA[java.lang.OutOfMemoryError: Java heap space
]]>
    </failure>
  </testcase> <!-- method_BT425_path_100165_100179_100186_100210_100226_100241_247 -->
  <testcase name="method_BT425_path_100165_100179_100186_100210_100226_100241_248" time="2.374" classname="generated.GeneratedTests">
    <failure type="java.lang.OutOfMemoryError" message="Java heap space">
      <![CDATA[java.lang.OutOfMemoryError: Java heap space
]]>
    </failure>
  </testcase> <!-- method_BT425_path_100165_100179_100186_100210_100226_100241_248 -->
  <testcase name="method_BT277_path_100165_100179_100186_100249" time="2.315" classname="generated.GeneratedTests">
    <failure type="java.lang.OutOfMemoryError" message="Java heap space">
      <![CDATA[java.lang.OutOfMemoryError: Java heap space
]]>
    </failure>
  </testcase> <!-- method_BT277_path_100165_100179_100186_100249 -->
  <testcase name="method_BT241_path_100165_100250" time="2.26" classname="generated.GeneratedTests">
    <failure type="java.lang.OutOfMemoryError" message="Java heap space">
      <![CDATA[java.lang.OutOfMemoryError: Java heap space
]]>
    </failure>
  </testcase> <!-- method_BT241_path_100165_100250 -->
  <testcase name="method_BT277_path_100165_100179_100186_100251" time="2.292" classname="generated.GeneratedTests">
    <failure type="java.lang.OutOfMemoryError" message="Java heap space">
      <![CDATA[java.lang.OutOfMemoryError: Java heap space
]]>
    </failure>
  </testcase> <!-- method_BT277_path_100165_100179_100186_100251 -->
  <testcase name="method_BT304_path_100165_100200_252" time="3.585" classname="generated.GeneratedTests">
    <failure type="java.lang.OutOfMemoryError" message="Java heap space">
      <![CDATA[java.lang.OutOfMemoryError: Java heap space
]]>
    </failure>
  </testcase> <!-- method_BT304_path_100165_100200_252 -->
  <testcase name="method_BT241_path_100165" time="1.928" classname="generated.GeneratedTests">
    <failure type="java.lang.OutOfMemoryError" message="Java heap space">
      <![CDATA[java.lang.OutOfMemoryError: Java heap space
]]>
    </failure>
  </testcase> <!-- method_BT241_path_100165 -->
  <testcase name="method_BT277_path_100165_100179_100186" time="2.272" classname="generated.GeneratedTests">
    <failure type="java.lang.OutOfMemoryError" message="Java heap space">
      <![CDATA[java.lang.OutOfMemoryError: Java heap space
]]>
    </failure>
  </testcase> <!-- method_BT277_path_100165_100179_100186 -->
  <testcase name="method_BT260_path_100165_100179" time="2.017" classname="generated.GeneratedTests">
    <failure type="java.lang.OutOfMemoryError" message="Java heap space">
      <![CDATA[java.lang.OutOfMemoryError: Java heap space
]]>
    </failure>
  </testcase> <!-- method_BT260_path_100165_100179 -->
  <testcase name="method_BT304_path_100165_100200_100253" time="2.44" classname="generated.GeneratedTests">
    <failure type="java.lang.OutOfMemoryError" message="Java heap space">
      <![CDATA[java.lang.OutOfMemoryError: Java heap space
]]>
    </failure>
  </testcase> <!-- method_BT304_path_100165_100200_100253 -->
  <testcase name="method_BT304_path_100165_100200_100254_256" time="2.227" classname="generated.GeneratedTests">
    <failure type="java.lang.OutOfMemoryError" message="Java heap space">
      <![CDATA[java.lang.OutOfMemoryError: Java heap space
]]>
    </failure>
  </testcase> <!-- method_BT304_path_100165_100200_100254_256 -->
  <testcase name="method_BT499_path_100165_100200_100254_257" time="2.143" classname="generated.GeneratedTests">
    <failure type="java.lang.OutOfMemoryError" message="Java heap space">
      <![CDATA[java.lang.OutOfMemoryError: Java heap space
]]>
    </failure>
  </testcase> <!-- method_BT499_path_100165_100200_100254_257 -->
  <testcase name="method_BT499_path_100165_100200_100254_258" time="2.352" classname="generated.GeneratedTests">
    <failure type="java.lang.OutOfMemoryError" message="Java heap space">
      <![CDATA[java.lang.OutOfMemoryError: Java heap space
]]>
    </failure>
  </testcase> <!-- method_BT499_path_100165_100200_100254_258 -->
  <testcase name="method_BT499_path_100165_100200_100254_259" time="2.505" classname="generated.GeneratedTests">
    <failure type="java.lang.OutOfMemoryError" message="Java heap space">
      <![CDATA[java.lang.OutOfMemoryError: Java heap space
]]>
    </failure>
  </testcase> <!-- method_BT499_path_100165_100200_100254_259 -->
  <testcase name="method_BT499_path_100165_100200_100254_260" time="2.058" classname="generated.GeneratedTests">
    <failure type="java.lang.OutOfMemoryError" message="Java heap space">
      <![CDATA[java.lang.OutOfMemoryError: Java heap space
]]>
    </failure>
  </testcase> <!-- method_BT499_path_100165_100200_100254_260 -->
  <testcase name="method_BT304_path_100165_100200_100261" time="2.255" classname="generated.GeneratedTests">
    <failure type="java.lang.OutOfMemoryError" message="Java heap space">
      <![CDATA[java.lang.OutOfMemoryError: Java heap space
]]>
    </failure>
  </testcase> <!-- method_BT304_path_100165_100200_100261 -->
  <testcase name="method_BT304_path_100165_100200_100262" time="2.34" classname="generated.GeneratedTests">
    <failure type="java.lang.OutOfMemoryError" message="Java heap space">
      <![CDATA[java.lang.OutOfMemoryError: Java heap space
]]>
    </failure>
  </testcase> <!-- method_BT304_path_100165_100200_100262 -->
  <testcase name="method_BT304_path_100165_100200_100263" time="2.156" classname="generated.GeneratedTests">
    <failure type="java.lang.OutOfMemoryError" message="Java heap space">
      <![CDATA[java.lang.OutOfMemoryError: Java heap space
]]>
    </failure>
  </testcase> <!-- method_BT304_path_100165_100200_100263 -->
  <testcase name="method_BT304_path_100165_100200" time="2.139" classname="generated.GeneratedTests">
    <failure type="java.lang.OutOfMemoryError" message="Java heap space">
      <![CDATA[java.lang.OutOfMemoryError: Java heap space
]]>
    </failure>
  </testcase> <!-- method_BT304_path_100165_100200 -->
  <testcase name="method_BT200_path_100264" time="2.1" classname="generated.GeneratedTests">
    <failure type="java.lang.OutOfMemoryError" message="Java heap space">
      <![CDATA[java.lang.OutOfMemoryError: Java heap space
]]>
    </failure>
  </testcase> <!-- method_BT200_path_100264 -->
  <testcase name="method_BT200_path_100265" time="2.112" classname="generated.GeneratedTests">
    <failure type="java.lang.OutOfMemoryError" message="Java heap space">
      <![CDATA[java.lang.OutOfMemoryError: Java heap space
]]>
    </failure>
  </testcase> <!-- method_BT200_path_100265 -->
  <testcase name="method_BT200_path_100266" time="2.353" classname="generated.GeneratedTests">
    <failure type="java.lang.OutOfMemoryError" message="Java heap space">
      <![CDATA[java.lang.OutOfMemoryError: Java heap space
]]>
    </failure>
  </testcase> <!-- method_BT200_path_100266 -->
  <testcase name="method_BT211_path_144_148_100274" time="2.968" classname="generated.GeneratedTests">
    <failure type="java.lang.OutOfMemoryError" message="Java heap space">
      <![CDATA[java.lang.OutOfMemoryError: Java heap space
]]>
    </failure>
  </testcase> <!-- method_BT211_path_144_148_100274 -->
  <testcase name="method_BT211_path_144_148" time="2.301" classname="generated.GeneratedTests">
    <failure type="java.lang.OutOfMemoryError" message="Java heap space">
      <![CDATA[java.lang.OutOfMemoryError: Java heap space
]]>
    </failure>
  </testcase> <!-- method_BT211_path_144_148 -->
  <testcase name="method_BT205_path_144_dup0" time="2.471" classname="generated.GeneratedTests">
    <failure type="java.lang.OutOfMemoryError" message="Java heap space">
      <![CDATA[java.lang.OutOfMemoryError: Java heap space
]]>
    </failure>
  </testcase> <!-- method_BT205_path_144_dup0 -->
  <testcase name="method_BT499_path_100165_100200_100254" time="2.548" classname="generated.GeneratedTests">
    <failure type="java.lang.OutOfMemoryError" message="Java heap space">
      <![CDATA[java.lang.OutOfMemoryError: Java heap space
]]>
    </failure>
  </testcase> <!-- method_BT499_path_100165_100200_100254 -->
</testsuite> <!-- test -->
