<?xml version="1.0" encoding="UTF-8"?>
<!-- Generated by org.testng.reporters.JUnitReportReporter -->
<testsuite skipped="0" hostname="fraggen-vm" name="generated.GeneratedTests" tests="116" failures="0" timestamp="26 Nov 2025 13:10:58 GMT" time="1276.151" errors="58">
  <testcase name="method_0" time="6.321" classname="generated.GeneratedTests"/>
  <testcase name="method_BT0_path_2_3_4_5_6_7" time="56.484" classname="generated.GeneratedTests"/>
  <testcase name="method_BT5_path_4_10_11" time="21.379" classname="generated.GeneratedTests"/>
  <testcase name="method_BT6_path_4_5_12" time="16.200" classname="generated.GeneratedTests"/>
  <testcase name="method_BT6_path_4_5_14" time="9.158" classname="generated.GeneratedTests"/>
  <testcase name="method_BT11_path_4_10" time="5.872" classname="generated.GeneratedTests"/>
  <testcase name="method_BT0_path_16_17" time="12.547" classname="generated.GeneratedTests"/>
  <testcase name="method_BT25_path_16_21_22_23_24_25" time="42.115" classname="generated.GeneratedTests"/>
  <testcase name="method_BT25_path_40" time="8.357" classname="generated.GeneratedTests"/>
  <testcase name="method_BT25_path_41_44_46_47_49_50_52_53_55_56" time="46.815" classname="generated.GeneratedTests"/>
  <testcase name="method_BT25_path_57_59_60_61_62_63_64_65" time="37.441" classname="generated.GeneratedTests"/>
  <testcase name="method_BT25_path_66_68_69_70_71_72" time="29.439" classname="generated.GeneratedTests"/>
  <testcase name="method_BT25_path_73_75_76_77" time="21.996" classname="generated.GeneratedTests"/>
  <testcase name="method_BT31_path_21_79" time="24.272" classname="generated.GeneratedTests"/>
  <testcase name="method_BT25_path_80_82" time="12.014" classname="generated.GeneratedTests"/>
  <testcase name="method_BT31_path_21_83_85" time="24.719" classname="generated.GeneratedTests"/>
  <testcase name="method_BT32_path_90" time="9.781" classname="generated.GeneratedTests"/>
  <testcase name="method_BT90_path_91_93" time="12.733" classname="generated.GeneratedTests"/>
  <testcase name="method_BT44_path_100096_98" time="14.227" classname="generated.GeneratedTests"/>
  <testcase name="method_BT90_path_100099" time="7.344" classname="generated.GeneratedTests"/>
  <testcase name="method_BT25_failed_path_1000011" time="7.073" classname="generated.GeneratedTests"/>
  <testcase name="method_BT32_path_100096_100_102" time="17.860" classname="generated.GeneratedTests"/>
  <testcase name="method_BT32_path_100096_103_105_106_108" time="23.467" classname="generated.GeneratedTests"/>
  <testcase name="method_BT33_failed_path_100096_1000015" time="10.490" classname="generated.GeneratedTests"/>
  <testcase name="method_BT125_path_100096_1000015_110_112" time="20.905" classname="generated.GeneratedTests"/>
  <testcase name="method_BT125_path_100096_1000015_113_115" time="32.841" classname="generated.GeneratedTests"/>
  <testcase name="method_BT125_path_100096_1000015_117" time="15.980" classname="generated.GeneratedTests"/>
  <testcase name="method_BT135_path_100096_1000015_113_118_120" time="32.195" classname="generated.GeneratedTests"/>
  <testcase name="method_BT135_path_100096_1000015_113_121_122" time="34.144" classname="generated.GeneratedTests"/>
  <testcase name="method_BT135_path_100096_1000015_113_123_125" time="31.943" classname="generated.GeneratedTests"/>
  <testcase name="method_BT130_failed_path_21_22_1000033" time="22.391" classname="generated.GeneratedTests"/>
  <testcase name="method_BT33_path_21_22_1000033_127" time="31.615" classname="generated.GeneratedTests"/>
  <testcase name="method_BT88_path_21_83_128" time="24.942" classname="generated.GeneratedTests"/>
  <testcase name="method_BT115_path_100096_100_129" time="14.042" classname="generated.GeneratedTests"/>
  <testcase name="method_BT119_path_131" time="8.678" classname="generated.GeneratedTests"/>
  <testcase name="method_BT179_path_132" time="4.126" classname="generated.GeneratedTests"/>
  <testcase name="method_BT121_path_100137" time="9.449" classname="generated.GeneratedTests"/>
  <testcase name="method_BT179_path_100138" time="7.641" classname="generated.GeneratedTests"/>
  <testcase name="method_BT130_path_100138_110_139" time="18.402" classname="generated.GeneratedTests"/>
  <testcase name="method_BT88_path_100137_83_140" time="31.040" classname="generated.GeneratedTests"/>
  <testcase name="method_BT130_path_142" time="11.779" classname="generated.GeneratedTests"/>
  <testcase name="method_BT200_path_143" time="8.095" classname="generated.GeneratedTests"/>
  <testcase name="method_BT200_path_144_146" time="15.267" classname="generated.GeneratedTests"/>
  <testcase name="method_BT205_path_144_148_149" time="17.687" classname="generated.GeneratedTests"/>
  <testcase name="method_BT205_path_144_150" time="12.660" classname="generated.GeneratedTests"/>
  <testcase name="method_BT205_path_144" time="8.602" classname="generated.GeneratedTests"/>
  <testcase name="method_BT200_path_100153" time="7.610" classname="generated.GeneratedTests"/>
  <testcase name="method_BT200_path_100154_155" time="14.770" classname="generated.GeneratedTests"/>
  <testcase name="method_BT200_path_100156_158" time="16.311" classname="generated.GeneratedTests"/>
  <testcase name="method_BT226_path_100156_159" time="13.345" classname="generated.GeneratedTests"/>
  <testcase name="method_BT226_path_100156_160_162" time="19.628" classname="generated.GeneratedTests"/>
  <testcase name="method_BT226_path_100156_163" time="14.585" classname="generated.GeneratedTests"/>
  <testcase name="method_BT226_path_100156_164_100165" time="21.308" classname="generated.GeneratedTests"/>
  <testcase name="method_BT241_path_100165_173" time="17.896" classname="generated.GeneratedTests"/>
  <testcase name="method_BT241_path_100165_174" time="15.409" classname="generated.GeneratedTests"/>
  <testcase name="method_BT241_path_100165_175" time="16.692" classname="generated.GeneratedTests"/>
  <testcase name="method_BT241_path_100165_176" time="18.346" classname="generated.GeneratedTests"/>
  <testcase name="method_BT241_path_100165_100177" time="19.551" classname="generated.GeneratedTests"/>
  <testcase name="method_BT241_path_100165_100179_181" time="23.282" classname="generated.GeneratedTests">
    <error type="java.lang.OutOfMemoryError" message="Java heap space">
      <![CDATA[java.lang.OutOfMemoryError: Java heap space
at java.awt.image.DataBufferInt.<init>(DataBufferInt.java:75)
at java.awt.image.Raster.createPackedRaster(Raster.java:467)
at java.awt.image.DirectColorModel.createCompatibleWritableRaster(DirectColorModel.java:1032)
at java.awt.image.BufferedImage.<init>(BufferedImage.java:333)
at sun.java2d.loops.GraphicsPrimitive.convertFrom(GraphicsPrimitive.java:557)
at sun.java2d.loops.GraphicsPrimitive.convertFrom(GraphicsPrimitive.java:541)
at sun.java2d.loops.MaskBlit$General.MaskBlit(MaskBlit.java:189)
at sun.java2d.loops.Blit$GeneralMaskBlit.Blit(Blit.java:204)
at sun.java2d.pipe.DrawImage.blitSurfaceData(DrawImage.java:959)
at sun.java2d.pipe.DrawImage.renderImageCopy(DrawImage.java:577)
at sun.java2d.pipe.DrawImage.copyImage(DrawImage.java:67)
at sun.java2d.pipe.DrawImage.copyImage(DrawImage.java:1014)
at sun.java2d.pipe.ValidatePipe.copyImage(ValidatePipe.java:186)
at sun.java2d.SunGraphics2D.drawImage(SunGraphics2D.java:3318)
at sun.java2d.SunGraphics2D.drawImage(SunGraphics2D.java:3296)
at ru.yandex.qatools.ashot.shooting.ViewportPastingDecorator.getScreenshot(ViewportPastingDecorator.java:54)
at ru.yandex.qatools.ashot.shooting.ViewportPastingDecorator.getScreenshot(ViewportPastingDecorator.java:35)
at com.crawljax.browser.WebDriverBackedEmbeddedBrowser.getScreenShotAsBufferedImage(WebDriverBackedEmbeddedBrowser.java:928)
at com.crawljax.fragmentation.FragmentationPlugin.fragmentState(FragmentationPlugin.java:94)
at com.crawljax.plugins.testcasegenerator.TestSuiteHelper.getHybridStateVertex(TestSuiteHelper.java:1351)
at com.crawljax.plugins.testcasegenerator.TestSuiteHelper.fragDiffBool(TestSuiteHelper.java:1370)
at generated.GeneratedTests.method_BT241_path_100165_100179_181(GeneratedTests.java:6555)
at sun.reflect.NativeMethodAccessorImpl.invoke0(Native Method)
at sun.reflect.NativeMethodAccessorImpl.invoke(NativeMethodAccessorImpl.java:62)
at sun.reflect.DelegatingMethodAccessorImpl.invoke(DelegatingMethodAccessorImpl.java:43)
at java.lang.reflect.Method.invoke(Method.java:498)
at org.testng.internal.MethodInvocationHelper.invokeMethod(MethodInvocationHelper.java:124)
at org.testng.internal.Invoker.invokeMethod(Invoker.java:583)
at org.testng.internal.Invoker.invokeTestMethod(Invoker.java:719)
at org.testng.internal.Invoker.invokeTestMethods(Invoker.java:989)
at org.testng.internal.TestMethodWorker.invokeTestMethods(TestMethodWorker.java:125)
at org.testng.internal.TestMethodWorker.run(TestMethodWorker.java:109)
]]>
    </error>
  </testcase> <!-- method_BT241_path_100165_100179_181 -->
  <testcase name="method_BT260_path_100165_100179_183" time="3.088" classname="generated.GeneratedTests">
    <error type="java.lang.OutOfMemoryError" message="Java heap space">
      <![CDATA[java.lang.OutOfMemoryError: Java heap space
at java.awt.image.DataBufferInt.<init>(DataBufferInt.java:75)
at java.awt.image.Raster.createPackedRaster(Raster.java:467)
at java.awt.image.DirectColorModel.createCompatibleWritableRaster(DirectColorModel.java:1032)
at java.awt.image.BufferedImage.<init>(BufferedImage.java:333)
at sun.java2d.loops.GraphicsPrimitive.convertFrom(GraphicsPrimitive.java:557)
at sun.java2d.loops.GraphicsPrimitive.convertFrom(GraphicsPrimitive.java:541)
at sun.java2d.loops.MaskBlit$General.MaskBlit(MaskBlit.java:189)
at sun.java2d.loops.Blit$GeneralMaskBlit.Blit(Blit.java:204)
at sun.java2d.pipe.DrawImage.blitSurfaceData(DrawImage.java:959)
at sun.java2d.pipe.DrawImage.renderImageCopy(DrawImage.java:577)
at sun.java2d.pipe.DrawImage.copyImage(DrawImage.java:67)
at sun.java2d.pipe.DrawImage.copyImage(DrawImage.java:1014)
at sun.java2d.pipe.ValidatePipe.copyImage(ValidatePipe.java:186)
at sun.java2d.SunGraphics2D.drawImage(SunGraphics2D.java:3318)
at sun.java2d.SunGraphics2D.drawImage(SunGraphics2D.java:3296)
at ru.yandex.qatools.ashot.shooting.ViewportPastingDecorator.getScreenshot(ViewportPastingDecorator.java:54)
at ru.yandex.qatools.ashot.shooting.ViewportPastingDecorator.getScreenshot(ViewportPastingDecorator.java:35)
at com.crawljax.browser.WebDriverBackedEmbeddedBrowser.getScreenShotAsBufferedImage(WebDriverBackedEmbeddedBrowser.java:928)
at com.crawljax.fragmentation.FragmentationPlugin.fragmentState(FragmentationPlugin.java:94)
at com.crawljax.plugins.testcasegenerator.TestSuiteHelper.getHybridStateVertex(TestSuiteHelper.java:1351)
at com.crawljax.plugins.testcasegenerator.TestSuiteHelper.fragDiffBool(TestSuiteHelper.java:1370)
at generated.GeneratedTests.method_BT260_path_100165_100179_183(GeneratedTests.java:6615)
at sun.reflect.NativeMethodAccessorImpl.invoke0(Native Method)
at sun.reflect.NativeMethodAccessorImpl.invoke(NativeMethodAccessorImpl.java:62)
at sun.reflect.DelegatingMethodAccessorImpl.invoke(DelegatingMethodAccessorImpl.java:43)
at java.lang.reflect.Method.invoke(Method.java:498)
at org.testng.internal.MethodInvocationHelper.invokeMethod(MethodInvocationHelper.java:124)
at org.testng.internal.Invoker.invokeMethod(Invoker.java:583)
at org.testng.internal.Invoker.invokeTestMethod(Invoker.java:719)
at org.testng.internal.Invoker.invokeTestMethods(Invoker.java:989)
at org.testng.internal.TestMethodWorker.invokeTestMethods(TestMethodWorker.java:125)
at org.testng.internal.TestMethodWorker.run(TestMethodWorker.java:109)
]]>
    </error>
  </testcase> <!-- method_BT260_path_100165_100179_183 -->
  <testcase name="method_BT260_path_100165_100179_184" time="3.391" classname="generated.GeneratedTests">
    <error type="java.lang.OutOfMemoryError" message="Java heap space">
      <![CDATA[java.lang.OutOfMemoryError: Java heap space
]]>
    </error>
  </testcase> <!-- method_BT260_path_100165_100179_184 -->
  <testcase name="method_BT260_path_100165_100179_185" time="2.633" classname="generated.GeneratedTests">
    <error type="java.lang.OutOfMemoryError" message="Java heap space">
      <![CDATA[java.lang.OutOfMemoryError: Java heap space
]]>
    </error>
  </testcase> <!-- method_BT260_path_100165_100179_185 -->
  <testcase name="method_BT260_path_100165_100179_100186" time="2.735" classname="generated.GeneratedTests">
    <error type="java.lang.OutOfMemoryError" message="Java heap space">
      <![CDATA[java.lang.OutOfMemoryError: Java heap space
]]>
    </error>
  </testcase> <!-- method_BT260_path_100165_100179_100186 -->
  <testcase name="method_BT277_path_100165_100179_100186_194" time="2.489" classname="generated.GeneratedTests">
    <error type="java.lang.OutOfMemoryError" message="Java heap space">
      <![CDATA[java.lang.OutOfMemoryError: Java heap space
]]>
    </error>
  </testcase> <!-- method_BT277_path_100165_100179_100186_194 -->
  <testcase name="method_BT277_path_100165_100179_100186_195" time="3.630" classname="generated.GeneratedTests">
    <error type="java.lang.OutOfMemoryError" message="Java heap space">
      <![CDATA[java.lang.OutOfMemoryError: Java heap space
]]>
    </error>
  </testcase> <!-- method_BT277_path_100165_100179_100186_195 -->
  <testcase name="method_BT277_path_100165_100179_100186_196" time="3.531" classname="generated.GeneratedTests">
    <error type="java.lang.OutOfMemoryError" message="Java heap space">
      <![CDATA[java.lang.OutOfMemoryError: Java heap space
]]>
    </error>
  </testcase> <!-- method_BT277_path_100165_100179_100186_196 -->
  <testcase name="method_BT277_path_100165_100179_100186_197" time="2.971" classname="generated.GeneratedTests">
    <error type="java.lang.OutOfMemoryError" message="Java heap space">
      <![CDATA[java.lang.OutOfMemoryError: Java heap space
]]>
    </error>
  </testcase> <!-- method_BT277_path_100165_100179_100186_197 -->
  <testcase name="method_BT277_path_100165_100179_100186_100199_100200_208" time="2.457" classname="generated.GeneratedTests">
    <error type="java.lang.OutOfMemoryError" message="Java heap space">
      <![CDATA[java.lang.OutOfMemoryError: Java heap space
]]>
    </error>
  </testcase> <!-- method_BT277_path_100165_100179_100186_100199_100200_208 -->
  <testcase name="method_BT304_path_100165_100200_209" time="2.726" classname="generated.GeneratedTests">
    <error type="java.lang.OutOfMemoryError" message="Java heap space">
      <![CDATA[java.lang.OutOfMemoryError: Java heap space
]]>
    </error>
  </testcase> <!-- method_BT304_path_100165_100200_209 -->
  <testcase name="method_BT277_path_100165_100179_100186_100210" time="2.803" classname="generated.GeneratedTests">
    <error type="java.lang.OutOfMemoryError" message="Java heap space">
      <![CDATA[java.lang.OutOfMemoryError: Java heap space
]]>
    </error>
  </testcase> <!-- method_BT277_path_100165_100179_100186_100210 -->
  <testcase name="method_BT314_path_100165_100179_100186_100210" time="2.830" classname="generated.GeneratedTests">
    <error type="java.lang.OutOfMemoryError" message="Java heap space">
      <![CDATA[java.lang.OutOfMemoryError: Java heap space
]]>
    </error>
  </testcase> <!-- method_BT314_path_100165_100179_100186_100210 -->
  <testcase name="method_BT314_path_100165_100179_100186_100210_218" time="2.911" classname="generated.GeneratedTests">
    <error type="java.lang.OutOfMemoryError" message="Java heap space">
      <![CDATA[java.lang.OutOfMemoryError: Java heap space
]]>
    </error>
  </testcase> <!-- method_BT314_path_100165_100179_100186_100210_218 -->
  <testcase name="method_BT314_path_100165_100179_100186_100210_219" time="2.558" classname="generated.GeneratedTests">
    <error type="java.lang.OutOfMemoryError" message="Java heap space">
      <![CDATA[java.lang.OutOfMemoryError: Java heap space
]]>
    </error>
  </testcase> <!-- method_BT314_path_100165_100179_100186_100210_219 -->
  <testcase name="method_BT314_path_100165_100179_100186_100210_220" time="2.521" classname="generated.GeneratedTests">
    <error type="java.lang.OutOfMemoryError" message="Java heap space">
      <![CDATA[java.lang.OutOfMemoryError: Java heap space
]]>
    </error>
  </testcase> <!-- method_BT314_path_100165_100179_100186_100210_220 -->
  <testcase name="method_BT314_path_100165_100179_100186_100210_221" time="2.790" classname="generated.GeneratedTests">
    <error type="java.lang.OutOfMemoryError" message="Java heap space">
      <![CDATA[java.lang.OutOfMemoryError: Java heap space
]]>
    </error>
  </testcase> <!-- method_BT314_path_100165_100179_100186_100210_221 -->
  <testcase name="method_BT314_path_100165_100179_100186_100210_100222" time="2.992" classname="generated.GeneratedTests">
    <error type="java.lang.OutOfMemoryError" message="Java heap space">
      <![CDATA[java.lang.OutOfMemoryError: Java heap space
]]>
    </error>
  </testcase> <!-- method_BT314_path_100165_100179_100186_100210_100222 -->
  <testcase name="method_BT314_path_100165_100179_100186_100210_100224_225" time="3.041" classname="generated.GeneratedTests">
    <error type="java.lang.OutOfMemoryError" message="Java heap space">
      <![CDATA[java.lang.OutOfMemoryError: Java heap space
]]>
    </error>
  </testcase> <!-- method_BT314_path_100165_100179_100186_100210_100224_225 -->
  <testcase name="method_BT314_path_100165_100179_100186_100210_100226" time="2.582" classname="generated.GeneratedTests">
    <error type="java.lang.OutOfMemoryError" message="Java heap space">
      <![CDATA[java.lang.OutOfMemoryError: Java heap space
]]>
    </error>
  </testcase> <!-- method_BT314_path_100165_100179_100186_100210_100226 -->
  <testcase name="method_BT363_path_100165_100179_100186_100210_100226" time="2.711" classname="generated.GeneratedTests">
    <error type="java.lang.OutOfMemoryError" message="Java heap space">
      <![CDATA[java.lang.OutOfMemoryError: Java heap space
]]>
    </error>
  </testcase> <!-- method_BT363_path_100165_100179_100186_100210_100226 -->
  <testcase name="method_BT363_path_100165_100179_100186_100210_100226_234" time="2.791" classname="generated.GeneratedTests">
    <error type="java.lang.OutOfMemoryError" message="Java heap space">
      <![CDATA[java.lang.OutOfMemoryError: Java heap space
]]>
    </error>
  </testcase> <!-- method_BT363_path_100165_100179_100186_100210_100226_234 -->
  <testcase name="method_BT363_path_100165_100179_100186_100210_100226_235" time="2.708" classname="generated.GeneratedTests">
    <error type="java.lang.OutOfMemoryError" message="Java heap space">
      <![CDATA[java.lang.OutOfMemoryError: Java heap space
]]>
    </error>
  </testcase> <!-- method_BT363_path_100165_100179_100186_100210_100226_235 -->
  <testcase name="method_BT363_path_100165_100179_100186_100210_100226_236" time="2.563" classname="generated.GeneratedTests">
    <error type="java.lang.OutOfMemoryError" message="Java heap space">
      <![CDATA[java.lang.OutOfMemoryError: Java heap space
]]>
    </error>
  </testcase> <!-- method_BT363_path_100165_100179_100186_100210_100226_236 -->
  <testcase name="method_BT363_path_100165_100179_100186_100210_100226_237" time="3.102" classname="generated.GeneratedTests">
    <error type="java.lang.OutOfMemoryError" message="Java heap space">
      <![CDATA[java.lang.OutOfMemoryError: Java heap space
]]>
    </error>
  </testcase> <!-- method_BT363_path_100165_100179_100186_100210_100226_237 -->
  <testcase name="method_BT363_path_100165_100179_100186_100210_100226_100238" time="2.696" classname="generated.GeneratedTests">
    <error type="java.lang.OutOfMemoryError" message="Java heap space">
      <![CDATA[java.lang.OutOfMemoryError: Java heap space
]]>
    </error>
  </testcase> <!-- method_BT363_path_100165_100179_100186_100210_100226_100238 -->
  <testcase name="method_BT363_path_100165_100179_100186_100210_100226_100239" time="2.503" classname="generated.GeneratedTests">
    <error type="java.lang.OutOfMemoryError" message="Java heap space">
      <![CDATA[java.lang.OutOfMemoryError: Java heap space
]]>
    </error>
  </testcase> <!-- method_BT363_path_100165_100179_100186_100210_100226_100239 -->
  <testcase name="method_BT363_path_100165_100179_100186_100210_100226_100240" time="2.623" classname="generated.GeneratedTests">
    <error type="java.lang.OutOfMemoryError" message="Java heap space">
      <![CDATA[java.lang.OutOfMemoryError: Java heap space
]]>
    </error>
  </testcase> <!-- method_BT363_path_100165_100179_100186_100210_100226_100240 -->
  <testcase name="method_BT363_path_100165_100179_100186_100210_100226_100241_243" time="2.586" classname="generated.GeneratedTests">
    <error type="java.lang.OutOfMemoryError" message="Java heap space">
      <![CDATA[java.lang.OutOfMemoryError: Java heap space
]]>
    </error>
  </testcase> <!-- method_BT363_path_100165_100179_100186_100210_100226_100241_243 -->
  <testcase name="method_BT425_path_100165_100179_100186_100210_100226_100241_244" time="2.677" classname="generated.GeneratedTests">
    <error type="java.lang.OutOfMemoryError" message="Java heap space">
      <![CDATA[java.lang.OutOfMemoryError: Java heap space
]]>
    </error>
  </testcase> <!-- method_BT425_path_100165_100179_100186_100210_100226_100241_244 -->
  <testcase name="method_BT425_path_100165_100179_100186_100210_100226_100241_245" time="2.891" classname="generated.GeneratedTests">
    <error type="java.lang.OutOfMemoryError" message="Java heap space">
      <![CDATA[java.lang.OutOfMemoryError: Java heap space
]]>
    </error>
  </testcase> <!-- method_BT425_path_100165_100179_100186_100210_100226_100241_245 -->
  <testcase name="method_BT363_path_100165_100179_100186_100210_100226_dup0" time="2.781" classname="generated.GeneratedTests">
    <error type="java.lang.OutOfMemoryError" message="Java heap space">
      <![CDATA[java.lang.OutOfMemoryError: Java heap space
]]>
    </error>
  </testcase> <!-- method_BT363_path_100165_100179_100186_100210_100226_dup0 -->
  <testcase name="method_BT425_path_100165_100179_100186_100210_100226_100241_247" time="2.680" classname="generated.GeneratedTests">
    <error type="java.lang.OutOfMemoryError" message="Java heap space">
      <![CDATA[java.lang.OutOfMemoryError: Java heap space
]]>
    </error>
  </testcase> <!-- method_BT425_path_100165_100179_100186_100210_100226_100241_247 -->
  <testcase name="method_BT425_path_100165_100179_100186_100210_100226_100241_248" time="3.139" classname="generated.GeneratedTests">
    <error type="java.lang.OutOfMemoryError" message="Java heap space">
      <![CDATA[java.lang.OutOfMemoryError: Java heap space
]]>
    </error>
  </testcase> <!-- method_BT425_path_100165_100179_100186_100210_100226_100241_248 -->
  <testcase name="method_BT277_path_100165_100179_100186_100249" time="2.925" classname="generated.GeneratedTests">
    <error type="java.lang.OutOfMemoryError" message="Java heap space">
      <![CDATA[java.lang.OutOfMemoryError: Java heap space
]]>
    </error>
  </testcase> <!-- method_BT277_path_100165_100179_100186_100249 -->
  <testcase name="method_BT241_path_100165_100250" time="2.880" classname="generated.GeneratedTests">
    <error type="java.lang.OutOfMemoryError" message="Java heap space">
      <![CDATA[java.lang.OutOfMemoryError: Java heap space
]]>
    </error>
  </testcase> <!-- method_BT241_path_100165_100250 -->
  <testcase name="method_BT277_path_100165_100179_100186_100251" time="2.973" classname="generated.GeneratedTests">
    <error type="java.lang.OutOfMemoryError" message="Java heap space">
      <![CDATA[java.lang.OutOfMemoryError: Java heap space
]]>
    </error>
  </testcase> <!-- method_BT277_path_100165_100179_100186_100251 -->
  <testcase name="method_BT304_path_100165_100200_252" time="4.304" classname="generated.GeneratedTests">
    <error type="java.lang.OutOfMemoryError" message="Java heap space">
      <![CDATA[java.lang.OutOfMemoryError: Java heap space
]]>
    </error>
  </testcase> <!-- method_BT304_path_100165_100200_252 -->
  <testcase name="method_BT241_path_100165" time="2.578" classname="generated.GeneratedTests">
    <error type="java.lang.OutOfMemoryError" message="Java heap space">
      <![CDATA[java.lang.OutOfMemoryError: Java heap space
]]>
    </error>
  </testcase> <!-- method_BT241_path_100165 -->
  <testcase name="method_BT277_path_100165_100179_100186" time="2.922" classname="generated.GeneratedTests">
    <error type="java.lang.OutOfMemoryError" message="Java heap space">
      <![CDATA[java.lang.OutOfMemoryError: Java heap space
]]>
    </error>
  </testcase> <!-- method_BT277_path_100165_100179_100186 -->
  <testcase name="method_BT260_path_100165_100179" time="2.922" classname="generated.GeneratedTests">
    <error type="java.lang.OutOfMemoryError" message="Java heap space">
      <![CDATA[java.lang.OutOfMemoryError: Java heap space
]]>
    </error>
  </testcase> <!-- method_BT260_path_100165_100179 -->
  <testcase name="method_BT304_path_100165_100200_100253" time="3.093" classname="generated.GeneratedTests">
    <error type="java.lang.OutOfMemoryError" message="Java heap space">
      <![CDATA[java.lang.OutOfMemoryError: Java heap space
]]>
    </error>
  </testcase> <!-- method_BT304_path_100165_100200_100253 -->
  <testcase name="method_BT304_path_100165_100200_100254_256" time="2.818" classname="generated.GeneratedTests">
    <error type="java.lang.OutOfMemoryError" message="Java heap space">
      <![CDATA[java.lang.OutOfMemoryError: Java heap space
]]>
    </error>
  </testcase> <!-- method_BT304_path_100165_100200_100254_256 -->
  <testcase name="method_BT499_path_100165_100200_100254_257" time="2.783" classname="generated.GeneratedTests">
    <error type="java.lang.OutOfMemoryError" message="Java heap space">
      <![CDATA[java.lang.OutOfMemoryError: Java heap space
]]>
    </error>
  </testcase> <!-- method_BT499_path_100165_100200_100254_257 -->
  <testcase name="method_BT499_path_100165_100200_100254_258" time="2.999" classname="generated.GeneratedTests">
    <error type="java.lang.OutOfMemoryError" message="Java heap space">
      <![CDATA[java.lang.OutOfMemoryError: Java heap space
]]>
    </error>
  </testcase> <!-- method_BT499_path_100165_100200_100254_258 -->
  <testcase name="method_BT499_path_100165_100200_100254_259" time="3.125" classname="generated.GeneratedTests">
    <error type="java.lang.OutOfMemoryError" message="Java heap space">
      <![CDATA[java.lang.OutOfMemoryError: Java heap space
]]>
    </error>
  </testcase> <!-- method_BT499_path_100165_100200_100254_259 -->
  <testcase name="method_BT499_path_100165_100200_100254_260" time="2.656" classname="generated.GeneratedTests">
    <error type="java.lang.OutOfMemoryError" message="Java heap space">
      <![CDATA[java.lang.OutOfMemoryError: Java heap space
]]>
    </error>
  </testcase> <!-- method_BT499_path_100165_100200_100254_260 -->
  <testcase name="method_BT304_path_100165_100200_100261" time="2.802" classname="generated.GeneratedTests">
    <error type="java.lang.OutOfMemoryError" message="Java heap space">
      <![CDATA[java.lang.OutOfMemoryError: Java heap space
]]>
    </error>
  </testcase> <!-- method_BT304_path_100165_100200_100261 -->
  <testcase name="method_BT304_path_100165_100200_100262" time="3.000" classname="generated.GeneratedTests">
    <error type="java.lang.OutOfMemoryError" message="Java heap space">
      <![CDATA[java.lang.OutOfMemoryError: Java heap space
]]>
    </error>
  </testcase> <!-- method_BT304_path_100165_100200_100262 -->
  <testcase name="method_BT304_path_100165_100200_100263" time="2.819" classname="generated.GeneratedTests">
    <error type="java.lang.OutOfMemoryError" message="Java heap space">
      <![CDATA[java.lang.OutOfMemoryError: Java heap space
]]>
    </error>
  </testcase> <!-- method_BT304_path_100165_100200_100263 -->
  <testcase name="method_BT304_path_100165_100200" time="2.781" classname="generated.GeneratedTests">
    <error type="java.lang.OutOfMemoryError" message="Java heap space">
      <![CDATA[java.lang.OutOfMemoryError: Java heap space
]]>
    </error>
  </testcase> <!-- method_BT304_path_100165_100200 -->
  <testcase name="method_BT200_path_100264" time="2.769" classname="generated.GeneratedTests">
    <error type="java.lang.OutOfMemoryError" message="Java heap space">
      <![CDATA[java.lang.OutOfMemoryError: Java heap space
]]>
    </error>
  </testcase> <!-- method_BT200_path_100264 -->
  <testcase name="method_BT200_path_100265" time="2.869" classname="generated.GeneratedTests">
    <error type="java.lang.OutOfMemoryError" message="Java heap space">
      <![CDATA[java.lang.OutOfMemoryError: Java heap space
]]>
    </error>
  </testcase> <!-- method_BT200_path_100265 -->
  <testcase name="method_BT200_path_100266" time="2.999" classname="generated.GeneratedTests">
    <error type="java.lang.OutOfMemoryError" message="Java heap space">
      <![CDATA[java.lang.OutOfMemoryError: Java heap space
]]>
    </error>
  </testcase> <!-- method_BT200_path_100266 -->
  <testcase name="method_BT211_path_144_148_100274" time="3.570" classname="generated.GeneratedTests">
    <error type="java.lang.OutOfMemoryError" message="Java heap space">
      <![CDATA[java.lang.OutOfMemoryError: Java heap space
]]>
    </error>
  </testcase> <!-- method_BT211_path_144_148_100274 -->
  <testcase name="method_BT211_path_144_148" time="2.913" classname="generated.GeneratedTests">
    <error type="java.lang.OutOfMemoryError" message="Java heap space">
      <![CDATA[java.lang.OutOfMemoryError: Java heap space
]]>
    </error>
  </testcase> <!-- method_BT211_path_144_148 -->
  <testcase name="method_BT205_path_144_dup0" time="3.089" classname="generated.GeneratedTests">
    <error type="java.lang.OutOfMemoryError" message="Java heap space">
      <![CDATA[java.lang.OutOfMemoryError: Java heap space
]]>
    </error>
  </testcase> <!-- method_BT205_path_144_dup0 -->
  <testcase name="method_BT499_path_100165_100200_100254" time="3.171" classname="generated.GeneratedTests">
    <error type="java.lang.OutOfMemoryError" message="Java heap space">
      <![CDATA[java.lang.OutOfMemoryError: Java heap space
]]>
    </error>
  </testcase> <!-- method_BT499_path_100165_100200_100254 -->
</testsuite> <!-- generated.GeneratedTests -->
